{"/home/travis/build/npmtest/node-npmtest-realm/test.js":{"path":"/home/travis/build/npmtest/node-npmtest-realm/test.js","s":{"1":2,"2":2,"3":2,"4":2,"5":2,"6":2,"7":2,"8":1,"9":2,"10":2,"11":1,"12":1,"13":1,"14":1,"15":2,"16":2,"17":2,"18":2,"19":1,"20":1,"21":2,"22":2,"23":2,"24":1,"25":1,"26":1,"27":1,"28":1,"29":1,"30":1,"31":1,"32":1,"33":1,"34":1,"35":1,"36":1,"37":1,"38":1,"39":2,"40":2,"41":1,"42":2,"43":2,"44":1,"45":2,"46":2,"47":1,"48":2,"49":2,"50":1,"51":1,"52":1,"53":1,"54":1},"b":{"1":[2,1,1,1],"2":[1,1,1,1],"3":[1,1],"4":[1,1],"5":[1,1],"6":[1,1],"7":[1,1],"8":[1,1],"9":[1,1],"10":[1,1,1],"11":[1,1],"12":[1,1],"13":[1,1],"14":[1,1],"15":[1,1],"16":[1,1],"17":[1,1]},"f":{"1":2,"2":2,"3":2,"4":2,"5":2,"6":1,"7":1,"8":1,"9":2,"10":2,"11":2,"12":2,"13":1},"fnMap":{"1":{"name":"(anonymous_1)","line":12,"loc":{"start":{"line":12,"column":1},"end":{"line":12,"column":13}}},"2":{"name":"(anonymous_2)","line":19,"loc":{"start":{"line":19,"column":5},"end":{"line":19,"column":17}}},"3":{"name":"(anonymous_3)","line":23,"loc":{"start":{"line":23,"column":24},"end":{"line":23,"column":36}}},"4":{"name":"(anonymous_4)","line":61,"loc":{"start":{"line":61,"column":5},"end":{"line":61,"column":17}}},"5":{"name":"(anonymous_5)","line":82,"loc":{"start":{"line":82,"column":5},"end":{"line":82,"column":17}}},"6":{"name":"(anonymous_6)","line":91,"loc":{"start":{"line":91,"column":77},"end":{"line":94,"column":10}}},"7":{"name":"(anonymous_7)","line":112,"loc":{"start":{"line":112,"column":83},"end":{"line":115,"column":10}},"skip":true},"8":{"name":"(anonymous_8)","line":123,"loc":{"start":{"line":123,"column":77},"end":{"line":126,"column":10}},"skip":true},"9":{"name":"(anonymous_9)","line":139,"loc":{"start":{"line":139,"column":12},"end":{"line":139,"column":40}},"skip":true},"10":{"name":"(anonymous_10)","line":147,"loc":{"start":{"line":147,"column":77},"end":{"line":150,"column":10}},"skip":true},"11":{"name":"(anonymous_11)","line":158,"loc":{"start":{"line":158,"column":83},"end":{"line":161,"column":10}},"skip":true},"12":{"name":"(anonymous_12)","line":169,"loc":{"start":{"line":169,"column":79},"end":{"line":172,"column":10}},"skip":true},"13":{"name":"(anonymous_13)","line":180,"loc":{"start":{"line":180,"column":75},"end":{"line":183,"column":10}},"skip":true}},"statementMap":{"1":{"start":{"line":12,"column":0},"end":{"line":195,"column":5}},"2":{"start":{"line":14,"column":4},"end":{"line":14,"column":14}},"3":{"start":{"line":19,"column":4},"end":{"line":56,"column":9}},"4":{"start":{"line":21,"column":8},"end":{"line":21,"column":19}},"5":{"start":{"line":23,"column":8},"end":{"line":35,"column":13}},"6":{"start":{"line":24,"column":12},"end":{"line":34,"column":13}},"7":{"start":{"line":25,"column":16},"end":{"line":28,"column":30}},"8":{"start":{"line":30,"column":16},"end":{"line":33,"column":27}},"9":{"start":{"line":37,"column":8},"end":{"line":39,"column":21}},"10":{"start":{"line":40,"column":8},"end":{"line":53,"column":9}},"11":{"start":{"line":43,"column":12},"end":{"line":46,"column":14}},"12":{"start":{"line":47,"column":12},"end":{"line":47,"column":18}},"13":{"start":{"line":50,"column":12},"end":{"line":51,"column":33}},"14":{"start":{"line":52,"column":12},"end":{"line":52,"column":18}},"15":{"start":{"line":55,"column":8},"end":{"line":55,"column":35}},"16":{"start":{"line":61,"column":4},"end":{"line":63,"column":9}},"17":{"start":{"line":62,"column":8},"end":{"line":62,"column":15}},"18":{"start":{"line":64,"column":4},"end":{"line":77,"column":5}},"19":{"start":{"line":70,"column":8},"end":{"line":70,"column":14}},"20":{"start":{"line":76,"column":8},"end":{"line":76,"column":14}},"21":{"start":{"line":82,"column":4},"end":{"line":84,"column":9}},"22":{"start":{"line":83,"column":8},"end":{"line":83,"column":15}},"23":{"start":{"line":85,"column":4},"end":{"line":194,"column":5}},"24":{"start":{"line":91,"column":8},"end":{"line":99,"column":10}},"25":{"start":{"line":98,"column":12},"end":{"line":98,"column":35}},"26":{"start":{"line":102,"column":8},"end":{"line":104,"column":63}},"27":{"start":{"line":105,"column":8},"end":{"line":105,"column":14}},"28":{"start":{"line":112,"column":8},"end":{"line":121,"column":10},"skip":true},"29":{"start":{"line":119,"column":12},"end":{"line":119,"column":55},"skip":true},"30":{"start":{"line":120,"column":12},"end":{"line":120,"column":48},"skip":true},"31":{"start":{"line":123,"column":8},"end":{"line":136,"column":10},"skip":true},"32":{"start":{"line":130,"column":12},"end":{"line":130,"column":76},"skip":true},"33":{"start":{"line":131,"column":12},"end":{"line":131,"column":73},"skip":true},"34":{"start":{"line":132,"column":12},"end":{"line":132,"column":74},"skip":true},"35":{"start":{"line":133,"column":12},"end":{"line":133,"column":79},"skip":true},"36":{"start":{"line":134,"column":12},"end":{"line":134,"column":25},"skip":true},"37":{"start":{"line":135,"column":12},"end":{"line":135,"column":45},"skip":true},"38":{"start":{"line":138,"column":8},"end":{"line":145,"column":14},"skip":true},"39":{"start":{"line":143,"column":16},"end":{"line":143,"column":29},"skip":true},"40":{"start":{"line":144,"column":16},"end":{"line":144,"column":55},"skip":true},"41":{"start":{"line":147,"column":8},"end":{"line":156,"column":10},"skip":true},"42":{"start":{"line":154,"column":12},"end":{"line":154,"column":25},"skip":true},"43":{"start":{"line":155,"column":12},"end":{"line":155,"column":45},"skip":true},"44":{"start":{"line":158,"column":8},"end":{"line":167,"column":10},"skip":true},"45":{"start":{"line":165,"column":12},"end":{"line":165,"column":25},"skip":true},"46":{"start":{"line":166,"column":12},"end":{"line":166,"column":48},"skip":true},"47":{"start":{"line":169,"column":8},"end":{"line":178,"column":10},"skip":true},"48":{"start":{"line":176,"column":12},"end":{"line":176,"column":25},"skip":true},"49":{"start":{"line":177,"column":12},"end":{"line":177,"column":46},"skip":true},"50":{"start":{"line":180,"column":8},"end":{"line":189,"column":10},"skip":true},"51":{"start":{"line":187,"column":12},"end":{"line":187,"column":94},"skip":true},"52":{"start":{"line":188,"column":12},"end":{"line":188,"column":48},"skip":true},"53":{"start":{"line":192,"column":8},"end":{"line":192,"column":35},"skip":true},"54":{"start":{"line":193,"column":8},"end":{"line":193,"column":14},"skip":true}},"branchMap":{"1":{"line":25,"type":"binary-expr","locations":[{"start":{"line":25,"column":23},"end":{"line":25,"column":62}},{"start":{"line":26,"column":20},"end":{"line":26,"column":70}},{"start":{"line":27,"column":20},"end":{"line":27,"column":71}},{"start":{"line":28,"column":20},"end":{"line":28,"column":29}}]},"2":{"line":30,"type":"binary-expr","locations":[{"start":{"line":30,"column":23},"end":{"line":30,"column":37}},{"start":{"line":31,"column":20},"end":{"line":31,"column":61}},{"start":{"line":32,"column":20},"end":{"line":32,"column":70}},{"start":{"line":33,"column":20},"end":{"line":33,"column":26}}]},"3":{"line":37,"type":"cond-expr","locations":[{"start":{"line":38,"column":14},"end":{"line":38,"column":20}},{"start":{"line":39,"column":14},"end":{"line":39,"column":20}}]},"4":{"line":40,"type":"switch","locations":[{"start":{"line":42,"column":8},"end":{"line":47,"column":18}},{"start":{"line":49,"column":8},"end":{"line":52,"column":18}}]},"5":{"line":44,"type":"binary-expr","locations":[{"start":{"line":44,"column":16},"end":{"line":44,"column":44}},{"start":{"line":44,"column":48},"end":{"line":44,"column":66}}]},"6":{"line":50,"type":"binary-expr","locations":[{"start":{"line":50,"column":21},"end":{"line":50,"column":49}},{"start":{"line":50,"column":53},"end":{"line":50,"column":72}}]},"7":{"line":64,"type":"switch","locations":[{"start":{"line":69,"column":4},"end":{"line":70,"column":14}},{"start":{"line":75,"column":4},"end":{"line":76,"column":14}}]},"8":{"line":85,"type":"switch","locations":[{"start":{"line":90,"column":4},"end":{"line":105,"column":14}},{"start":{"line":111,"column":4},"end":{"line":193,"column":14},"skip":true}]},"9":{"line":91,"type":"binary-expr","locations":[{"start":{"line":91,"column":42},"end":{"line":91,"column":73}},{"start":{"line":91,"column":77},"end":{"line":99,"column":9}}]},"10":{"line":102,"type":"binary-expr","locations":[{"start":{"line":102,"column":18},"end":{"line":102,"column":32}},{"start":{"line":103,"column":12},"end":{"line":103,"column":53}},{"start":{"line":104,"column":12},"end":{"line":104,"column":61}}]},"11":{"line":112,"type":"binary-expr","locations":[{"start":{"line":112,"column":45},"end":{"line":112,"column":79},"skip":true},{"start":{"line":112,"column":83},"end":{"line":121,"column":9},"skip":true}]},"12":{"line":123,"type":"binary-expr","locations":[{"start":{"line":123,"column":42},"end":{"line":123,"column":73},"skip":true},{"start":{"line":123,"column":77},"end":{"line":136,"column":9},"skip":true}]},"13":{"line":138,"type":"binary-expr","locations":[{"start":{"line":138,"column":48},"end":{"line":138,"column":85},"skip":true},{"start":{"line":139,"column":12},"end":{"line":145,"column":13},"skip":true}]},"14":{"line":147,"type":"binary-expr","locations":[{"start":{"line":147,"column":42},"end":{"line":147,"column":73},"skip":true},{"start":{"line":147,"column":77},"end":{"line":156,"column":9},"skip":true}]},"15":{"line":158,"type":"binary-expr","locations":[{"start":{"line":158,"column":45},"end":{"line":158,"column":79},"skip":true},{"start":{"line":158,"column":83},"end":{"line":167,"column":9},"skip":true}]},"16":{"line":169,"type":"binary-expr","locations":[{"start":{"line":169,"column":43},"end":{"line":169,"column":75},"skip":true},{"start":{"line":169,"column":79},"end":{"line":178,"column":9},"skip":true}]},"17":{"line":180,"type":"binary-expr","locations":[{"start":{"line":180,"column":41},"end":{"line":180,"column":71},"skip":true},{"start":{"line":180,"column":75},"end":{"line":189,"column":9},"skip":true}]}},"code":["/* istanbul instrument in package npmtest_realm */","/*jslint","    bitwise: true,","    browser: true,","    maxerr: 8,","    maxlen: 96,","    node: true,","    nomen: true,","    regexp: true,","    stupid: true","*/","(function () {","    'use strict';","    var local;","","","","    // run shared js-env code - pre-init","    (function () {","        // init local","        local = {};","        // init modeJs","        local.modeJs = (function () {","            try {","                return typeof navigator.userAgent === 'string' &&","                    typeof document.querySelector('body') === 'object' &&","                    typeof XMLHttpRequest.prototype.open === 'function' &&","                    'browser';","            } catch (errorCaughtBrowser) {","                return module.exports &&","                    typeof process.versions.node === 'string' &&","                    typeof require('http').createServer === 'function' &&","                    'node';","            }","        }());","        // init global","        local.global = local.modeJs === 'browser'","            ? window","            : global;","        switch (local.modeJs) {","        // re-init local from window.local","        case 'browser':","            local = local.global.utility2.objectSetDefault(","                local.global.utility2_rollup || local.global.local,","                local.global.utility2","            );","            break;","        // re-init local from example.js","        case 'node':","            local = (local.global.utility2_rollup || require('utility2'))","                .requireReadme();","            break;","        }","        // export local","        local.global.local = local;","    }());","","","","    // run shared js-env code - function","    (function () {","        return;","    }());","    switch (local.modeJs) {","","","","    // run browser js-env code - function","    case 'browser':","        break;","","","","    // run node js-env code - function","    case 'node':","        break;","    }","","","","    // run shared js-env code - post-init","    (function () {","        return;","    }());","    switch (local.modeJs) {","","","","    // run browser js-env code - post-init","    case 'browser':","        local.testCase_browser_nullCase = local.testCase_browser_nullCase || function (","            options,","            onError","        ) {","        /*","         * this function will test browsers's null-case handling-behavior-behavior","         */","            onError(null, options);","        };","","        // run tests","        local.nop(local.modeTest &&","            document.querySelector('#testRunButton1') &&","            document.querySelector('#testRunButton1').click());","        break;","","","","    // run node js-env code - post-init","    /* istanbul ignore next */","    case 'node':","        local.testCase_buildApidoc_default = local.testCase_buildApidoc_default || function (","            options,","            onError","        ) {","        /*","         * this function will test buildApidoc's default handling-behavior-behavior","         */","            options = { modulePathList: module.paths };","            local.buildApidoc(options, onError);","        };","","        local.testCase_buildApp_default = local.testCase_buildApp_default || function (","            options,","            onError","        ) {","        /*","         * this function will test buildApp's default handling-behavior-behavior","         */","            local.testCase_buildReadme_default(options, local.onErrorThrow);","            local.testCase_buildLib_default(options, local.onErrorThrow);","            local.testCase_buildTest_default(options, local.onErrorThrow);","            local.testCase_buildCustomOrg_default(options, local.onErrorThrow);","            options = [];","            local.buildApp(options, onError);","        };","","        local.testCase_buildCustomOrg_default = local.testCase_buildCustomOrg_default ||","            function (options, onError) {","            /*","             * this function will test buildCustomOrg's default handling-behavior","             */","                options = {};","                local.buildCustomOrg(options, onError);","            };","","        local.testCase_buildLib_default = local.testCase_buildLib_default || function (","            options,","            onError","        ) {","        /*","         * this function will test buildLib's default handling-behavior","         */","            options = {};","            local.buildLib(options, onError);","        };","","        local.testCase_buildReadme_default = local.testCase_buildReadme_default || function (","            options,","            onError","        ) {","        /*","         * this function will test buildReadme's default handling-behavior-behavior","         */","            options = {};","            local.buildReadme(options, onError);","        };","","        local.testCase_buildTest_default = local.testCase_buildTest_default || function (","            options,","            onError","        ) {","        /*","         * this function will test buildTest's default handling-behavior","         */","            options = {};","            local.buildTest(options, onError);","        };","","        local.testCase_webpage_default = local.testCase_webpage_default || function (","            options,","            onError","        ) {","        /*","         * this function will test webpage's default handling-behavior","         */","            options = { modeCoverageMerge: true, url: local.serverLocalHost + '?modeTest=1' };","            local.browserTest(options, onError);","        };","","        // run test-server","        local.testRunServer(local);","        break;","    }","}());",""],"l":{"12":2,"14":2,"19":2,"21":2,"23":2,"24":2,"25":2,"30":1,"37":2,"40":2,"43":1,"47":1,"50":1,"52":1,"55":2,"61":2,"62":2,"64":2,"70":1,"76":1,"82":2,"83":2,"85":2,"91":1,"98":1,"102":1,"105":1,"112":1,"119":1,"120":1,"123":1,"130":1,"131":1,"132":1,"133":1,"134":1,"135":1,"138":1,"143":2,"144":2,"147":1,"154":2,"155":2,"158":1,"165":2,"166":2,"169":1,"176":2,"177":2,"180":1,"187":1,"188":1,"192":1,"193":1}},"/home/travis/build/npmtest/node-npmtest-realm/lib.npmtest_realm.js":{"path":"/home/travis/build/npmtest/node-npmtest-realm/lib.npmtest_realm.js","s":{"1":2,"2":2,"3":2,"4":2,"5":2,"6":2,"7":2,"8":1,"9":2,"10":2,"11":2,"12":2,"13":1,"14":1,"15":1,"16":1},"b":{"1":[2,1,1,1],"2":[1,1,1,1],"3":[1,1],"4":[2,2],"5":[1,1]},"f":{"1":2,"2":2,"3":2},"fnMap":{"1":{"name":"(anonymous_1)","line":12,"loc":{"start":{"line":12,"column":1},"end":{"line":12,"column":13}}},"2":{"name":"(anonymous_2)","line":19,"loc":{"start":{"line":19,"column":5},"end":{"line":19,"column":17}}},"3":{"name":"(anonymous_3)","line":23,"loc":{"start":{"line":23,"column":24},"end":{"line":23,"column":36}}}},"statementMap":{"1":{"start":{"line":12,"column":0},"end":{"line":53,"column":5}},"2":{"start":{"line":14,"column":4},"end":{"line":14,"column":14}},"3":{"start":{"line":19,"column":4},"end":{"line":52,"column":9}},"4":{"start":{"line":21,"column":8},"end":{"line":21,"column":19}},"5":{"start":{"line":23,"column":8},"end":{"line":35,"column":13}},"6":{"start":{"line":24,"column":12},"end":{"line":34,"column":13}},"7":{"start":{"line":25,"column":16},"end":{"line":28,"column":30}},"8":{"start":{"line":30,"column":16},"end":{"line":33,"column":27}},"9":{"start":{"line":37,"column":8},"end":{"line":39,"column":21}},"10":{"start":{"line":41,"column":8},"end":{"line":41,"column":54}},"11":{"start":{"line":43,"column":8},"end":{"line":43,"column":50}},"12":{"start":{"line":45,"column":8},"end":{"line":51,"column":9}},"13":{"start":{"line":46,"column":12},"end":{"line":46,"column":56}},"14":{"start":{"line":48,"column":12},"end":{"line":48,"column":35}},"15":{"start":{"line":49,"column":12},"end":{"line":49,"column":49}},"16":{"start":{"line":50,"column":12},"end":{"line":50,"column":43}}},"branchMap":{"1":{"line":25,"type":"binary-expr","locations":[{"start":{"line":25,"column":23},"end":{"line":25,"column":62}},{"start":{"line":26,"column":20},"end":{"line":26,"column":70}},{"start":{"line":27,"column":20},"end":{"line":27,"column":71}},{"start":{"line":28,"column":20},"end":{"line":28,"column":29}}]},"2":{"line":30,"type":"binary-expr","locations":[{"start":{"line":30,"column":23},"end":{"line":30,"column":37}},{"start":{"line":31,"column":20},"end":{"line":31,"column":61}},{"start":{"line":32,"column":20},"end":{"line":32,"column":70}},{"start":{"line":33,"column":20},"end":{"line":33,"column":26}}]},"3":{"line":37,"type":"cond-expr","locations":[{"start":{"line":38,"column":14},"end":{"line":38,"column":20}},{"start":{"line":39,"column":14},"end":{"line":39,"column":20}}]},"4":{"line":41,"type":"binary-expr","locations":[{"start":{"line":41,"column":16},"end":{"line":41,"column":44}},{"start":{"line":41,"column":48},"end":{"line":41,"column":53}}]},"5":{"line":45,"type":"if","locations":[{"start":{"line":45,"column":8},"end":{"line":45,"column":8}},{"start":{"line":45,"column":8},"end":{"line":45,"column":8}}]}},"code":["/* istanbul instrument in package npmtest_realm */","/*jslint","    bitwise: true,","    browser: true,","    maxerr: 8,","    maxlen: 96,","    node: true,","    nomen: true,","    regexp: true,","    stupid: true","*/","(function () {","    'use strict';","    var local;","","","","    // run shared js-env code - pre-init","    (function () {","        // init local","        local = {};","        // init modeJs","        local.modeJs = (function () {","            try {","                return typeof navigator.userAgent === 'string' &&","                    typeof document.querySelector('body') === 'object' &&","                    typeof XMLHttpRequest.prototype.open === 'function' &&","                    'browser';","            } catch (errorCaughtBrowser) {","                return module.exports &&","                    typeof process.versions.node === 'string' &&","                    typeof require('http').createServer === 'function' &&","                    'node';","            }","        }());","        // init global","        local.global = local.modeJs === 'browser'","            ? window","            : global;","        // init utility2_rollup","        local = local.global.utility2_rollup || local;","        // init lib","        local.local = local.npmtest_realm = local;","        // init exports","        if (local.modeJs === 'browser') {","            local.global.utility2_npmtest_realm = local;","        } else {","            module.exports = local;","            module.exports.__dirname = __dirname;","            module.exports.module = module;","        }","    }());","}());",""],"l":{"12":2,"14":2,"19":2,"21":2,"23":2,"24":2,"25":2,"30":1,"37":2,"41":2,"43":2,"45":2,"46":1,"48":1,"49":1,"50":1}},"/home/travis/build/npmtest/node-npmtest-realm/example.js":{"path":"/home/travis/build/npmtest/node-npmtest-realm/example.js","s":{"1":2,"2":2,"3":2,"4":2,"5":2,"6":2,"7":2,"8":1,"9":2,"10":2,"11":2,"12":2,"13":1,"14":2,"15":2,"16":2,"17":2,"18":2,"19":0,"20":2,"21":1,"22":1,"23":1,"24":1,"25":1,"26":0,"27":0,"28":1,"29":1,"30":2,"31":0,"32":0,"33":0,"34":1,"35":2,"36":2,"37":3,"38":3,"39":3,"40":3,"41":0,"42":3,"43":3,"44":3,"45":1,"46":3,"47":1,"48":1,"49":1,"50":1,"51":1,"52":1,"53":1,"54":1,"55":1,"56":1,"57":0,"58":1,"59":6,"60":6,"61":1,"62":2,"63":0,"64":2,"65":1,"66":1,"67":0,"68":0,"69":0,"70":0,"71":0,"72":0,"73":0,"74":0,"75":0,"76":0,"77":0,"78":0,"79":0,"80":0,"81":0,"82":0,"83":0},"b":{"1":[2,1,1,1],"2":[1,1,1,1],"3":[1,1],"4":[2,2],"5":[1,1],"6":[1,1],"7":[2,0],"8":[2,1,1,1,1,1],"9":[0,2,0],"10":[1,1],"11":[2,1,1],"12":[1,0],"13":[0,2],"14":[2,0,0,0,0,0,0],"15":[0,3],"16":[3,0],"17":[1,1],"18":[0,1],"19":[1,2,0,2],"20":[1,0],"21":[1,1],"22":[0,0],"23":[0,0],"24":[0,0],"25":[0,0],"26":[0,0],"27":[0,0],"28":[0,0]},"f":{"1":2,"2":2,"3":2,"4":2,"5":2,"6":2,"7":3,"8":3,"9":3,"10":1,"11":6,"12":0},"fnMap":{"1":{"name":"(anonymous_1)","line":26,"loc":{"start":{"line":26,"column":1},"end":{"line":26,"column":13}}},"2":{"name":"(anonymous_2)","line":33,"loc":{"start":{"line":33,"column":5},"end":{"line":33,"column":17}}},"3":{"name":"(anonymous_3)","line":37,"loc":{"start":{"line":37,"column":24},"end":{"line":37,"column":36}}},"4":{"name":"(anonymous_4)","line":69,"loc":{"start":{"line":69,"column":31},"end":{"line":69,"column":48}},"skip":true},"5":{"name":"(anonymous_5)","line":78,"loc":{"start":{"line":78,"column":26},"end":{"line":78,"column":45}},"skip":true},"6":{"name":"(anonymous_6)","line":123,"loc":{"start":{"line":123,"column":33},"end":{"line":123,"column":48}},"skip":true},"7":{"name":"(anonymous_7)","line":125,"loc":{"start":{"line":125,"column":27},"end":{"line":125,"column":39}},"skip":true},"8":{"name":"(anonymous_8)","line":133,"loc":{"start":{"line":133,"column":59},"end":{"line":133,"column":74}},"skip":true},"9":{"name":"(anonymous_9)","line":143,"loc":{"start":{"line":143,"column":45},"end":{"line":143,"column":62}},"skip":true},"10":{"name":"(anonymous_10)","line":144,"loc":{"start":{"line":144,"column":73},"end":{"line":144,"column":92}},"skip":true},"11":{"name":"(anonymous_11)","line":272,"loc":{"start":{"line":272,"column":51},"end":{"line":272,"column":77}},"skip":true},"12":{"name":"(anonymous_12)","line":315,"loc":{"start":{"line":315,"column":32},"end":{"line":315,"column":61}},"skip":true}},"statementMap":{"1":{"start":{"line":26,"column":0},"end":{"line":326,"column":5}},"2":{"start":{"line":28,"column":4},"end":{"line":28,"column":14}},"3":{"start":{"line":33,"column":4},"end":{"line":60,"column":9}},"4":{"start":{"line":35,"column":8},"end":{"line":35,"column":19}},"5":{"start":{"line":37,"column":8},"end":{"line":49,"column":13}},"6":{"start":{"line":38,"column":12},"end":{"line":48,"column":13}},"7":{"start":{"line":39,"column":16},"end":{"line":42,"column":30}},"8":{"start":{"line":44,"column":16},"end":{"line":47,"column":27}},"9":{"start":{"line":51,"column":8},"end":{"line":53,"column":21}},"10":{"start":{"line":55,"column":8},"end":{"line":57,"column":45}},"11":{"start":{"line":59,"column":8},"end":{"line":59,"column":35}},"12":{"start":{"line":61,"column":4},"end":{"line":325,"column":5}},"13":{"start":{"line":69,"column":8},"end":{"line":121,"column":10},"skip":true},"14":{"start":{"line":70,"column":12},"end":{"line":88,"column":13},"skip":true},"15":{"start":{"line":76,"column":16},"end":{"line":87,"column":19},"skip":true},"16":{"start":{"line":79,"column":20},"end":{"line":86,"column":21},"skip":true},"17":{"start":{"line":82,"column":24},"end":{"line":82,"column":43},"skip":true},"18":{"start":{"line":83,"column":24},"end":{"line":83,"column":30},"skip":true},"19":{"start":{"line":85,"column":24},"end":{"line":85,"column":49},"skip":true},"20":{"start":{"line":89,"column":12},"end":{"line":107,"column":13},"skip":true},"21":{"start":{"line":92,"column":16},"end":{"line":102,"column":17},"skip":true},"22":{"start":{"line":93,"column":20},"end":{"line":93,"column":86},"skip":true},"23":{"start":{"line":94,"column":20},"end":{"line":95,"column":45},"skip":true},"24":{"start":{"line":96,"column":20},"end":{"line":96,"column":42},"skip":true},"25":{"start":{"line":97,"column":20},"end":{"line":97,"column":48},"skip":true},"26":{"start":{"line":100,"column":20},"end":{"line":100,"column":85},"skip":true},"27":{"start":{"line":101,"column":20},"end":{"line":101,"column":96},"skip":true},"28":{"start":{"line":103,"column":16},"end":{"line":103,"column":22},"skip":true},"29":{"start":{"line":106,"column":16},"end":{"line":106,"column":22},"skip":true},"30":{"start":{"line":108,"column":12},"end":{"line":120,"column":13},"skip":true},"31":{"start":{"line":114,"column":16},"end":{"line":119,"column":17},"skip":true},"32":{"start":{"line":116,"column":20},"end":{"line":116,"column":78},"skip":true},"33":{"start":{"line":118,"column":20},"end":{"line":118,"column":47},"skip":true},"34":{"start":{"line":123,"column":8},"end":{"line":141,"column":11},"skip":true},"35":{"start":{"line":124,"column":12},"end":{"line":124,"column":54},"skip":true},"36":{"start":{"line":125,"column":12},"end":{"line":140,"column":14},"skip":true},"37":{"start":{"line":126,"column":16},"end":{"line":126,"column":28},"skip":true},"38":{"start":{"line":127,"column":16},"end":{"line":127,"column":69},"skip":true},"39":{"start":{"line":128,"column":16},"end":{"line":128,"column":75},"skip":true},"40":{"start":{"line":129,"column":16},"end":{"line":131,"column":17},"skip":true},"41":{"start":{"line":130,"column":20},"end":{"line":130,"column":27},"skip":true},"42":{"start":{"line":133,"column":16},"end":{"line":137,"column":36},"skip":true},"43":{"start":{"line":134,"column":20},"end":{"line":136,"column":55},"skip":true},"44":{"start":{"line":139,"column":16},"end":{"line":139,"column":57},"skip":true},"45":{"start":{"line":143,"column":8},"end":{"line":147,"column":11},"skip":true},"46":{"start":{"line":144,"column":12},"end":{"line":146,"column":15},"skip":true},"47":{"start":{"line":145,"column":16},"end":{"line":145,"column":70},"skip":true},"48":{"start":{"line":149,"column":8},"end":{"line":149,"column":31},"skip":true},"49":{"start":{"line":150,"column":8},"end":{"line":150,"column":14},"skip":true},"50":{"start":{"line":158,"column":8},"end":{"line":158,"column":31},"skip":true},"51":{"start":{"line":160,"column":8},"end":{"line":160,"column":33},"skip":true},"52":{"start":{"line":161,"column":8},"end":{"line":161,"column":37},"skip":true},"53":{"start":{"line":162,"column":8},"end":{"line":162,"column":35},"skip":true},"54":{"start":{"line":164,"column":8},"end":{"line":164,"column":50},"skip":true},"55":{"start":{"line":166,"column":8},"end":{"line":256,"column":2},"skip":true},"56":{"start":{"line":258,"column":8},"end":{"line":286,"column":9},"skip":true},"57":{"start":{"line":259,"column":12},"end":{"line":269,"column":14},"skip":true},"58":{"start":{"line":271,"column":12},"end":{"line":285,"column":19},"skip":true},"59":{"start":{"line":274,"column":20},"end":{"line":274,"column":35},"skip":true},"60":{"start":{"line":275,"column":20},"end":{"line":284,"column":21},"skip":true},"61":{"start":{"line":277,"column":24},"end":{"line":277,"column":64},"skip":true},"62":{"start":{"line":279,"column":24},"end":{"line":279,"column":40},"skip":true},"63":{"start":{"line":281,"column":24},"end":{"line":281,"column":40},"skip":true},"64":{"start":{"line":283,"column":24},"end":{"line":283,"column":39},"skip":true},"65":{"start":{"line":288,"column":8},"end":{"line":290,"column":9},"skip":true},"66":{"start":{"line":289,"column":12},"end":{"line":289,"column":18},"skip":true},"67":{"start":{"line":291,"column":8},"end":{"line":293,"column":54},"skip":true},"68":{"start":{"line":296,"column":8},"end":{"line":301,"column":37},"skip":true},"69":{"start":{"line":303,"column":8},"end":{"line":303,"column":82},"skip":true},"70":{"start":{"line":306,"column":8},"end":{"line":308,"column":9},"skip":true},"71":{"start":{"line":307,"column":12},"end":{"line":307,"column":82},"skip":true},"72":{"start":{"line":310,"column":8},"end":{"line":312,"column":9},"skip":true},"73":{"start":{"line":311,"column":12},"end":{"line":311,"column":18},"skip":true},"74":{"start":{"line":313,"column":8},"end":{"line":313,"column":54},"skip":true},"75":{"start":{"line":314,"column":8},"end":{"line":314,"column":69},"skip":true},"76":{"start":{"line":315,"column":8},"end":{"line":323,"column":36},"skip":true},"77":{"start":{"line":316,"column":12},"end":{"line":316,"column":61},"skip":true},"78":{"start":{"line":317,"column":12},"end":{"line":320,"column":13},"skip":true},"79":{"start":{"line":318,"column":16},"end":{"line":318,"column":75},"skip":true},"80":{"start":{"line":319,"column":16},"end":{"line":319,"column":23},"skip":true},"81":{"start":{"line":321,"column":12},"end":{"line":321,"column":38},"skip":true},"82":{"start":{"line":322,"column":12},"end":{"line":322,"column":27},"skip":true},"83":{"start":{"line":324,"column":8},"end":{"line":324,"column":14},"skip":true}},"branchMap":{"1":{"line":39,"type":"binary-expr","locations":[{"start":{"line":39,"column":23},"end":{"line":39,"column":62}},{"start":{"line":40,"column":20},"end":{"line":40,"column":70}},{"start":{"line":41,"column":20},"end":{"line":41,"column":71}},{"start":{"line":42,"column":20},"end":{"line":42,"column":29}}]},"2":{"line":44,"type":"binary-expr","locations":[{"start":{"line":44,"column":23},"end":{"line":44,"column":37}},{"start":{"line":45,"column":20},"end":{"line":45,"column":61}},{"start":{"line":46,"column":20},"end":{"line":46,"column":70}},{"start":{"line":47,"column":20},"end":{"line":47,"column":26}}]},"3":{"line":51,"type":"cond-expr","locations":[{"start":{"line":52,"column":14},"end":{"line":52,"column":20}},{"start":{"line":53,"column":14},"end":{"line":53,"column":20}}]},"4":{"line":55,"type":"binary-expr","locations":[{"start":{"line":55,"column":16},"end":{"line":55,"column":44}},{"start":{"line":55,"column":49},"end":{"line":57,"column":43}}]},"5":{"line":55,"type":"cond-expr","locations":[{"start":{"line":56,"column":14},"end":{"line":56,"column":49}},{"start":{"line":57,"column":14},"end":{"line":57,"column":43}}]},"6":{"line":61,"type":"switch","locations":[{"start":{"line":68,"column":4},"end":{"line":150,"column":14},"skip":true},{"start":{"line":156,"column":4},"end":{"line":324,"column":14},"skip":true}]},"7":{"line":70,"type":"if","locations":[{"start":{"line":70,"column":12},"end":{"line":70,"column":12},"skip":true},{"start":{"line":70,"column":12},"end":{"line":70,"column":12},"skip":true}]},"8":{"line":70,"type":"binary-expr","locations":[{"start":{"line":70,"column":16},"end":{"line":70,"column":22},"skip":true},{"start":{"line":70,"column":27},"end":{"line":70,"column":32},"skip":true},{"start":{"line":71,"column":20},"end":{"line":71,"column":39},"skip":true},{"start":{"line":72,"column":20},"end":{"line":72,"column":49},"skip":true},{"start":{"line":73,"column":20},"end":{"line":73,"column":58},"skip":true},{"start":{"line":74,"column":20},"end":{"line":74,"column":69},"skip":true}]},"9":{"line":79,"type":"switch","locations":[{"start":{"line":80,"column":20},"end":{"line":80,"column":33},"skip":true},{"start":{"line":81,"column":20},"end":{"line":83,"column":30},"skip":true},{"start":{"line":84,"column":20},"end":{"line":85,"column":49},"skip":true}]},"10":{"line":89,"type":"switch","locations":[{"start":{"line":90,"column":12},"end":{"line":103,"column":22},"skip":true},{"start":{"line":105,"column":12},"end":{"line":106,"column":22},"skip":true}]},"11":{"line":89,"type":"binary-expr","locations":[{"start":{"line":89,"column":20},"end":{"line":89,"column":25},"skip":true},{"start":{"line":89,"column":29},"end":{"line":89,"column":48},"skip":true},{"start":{"line":89,"column":52},"end":{"line":89,"column":74},"skip":true}]},"12":{"line":92,"type":"if","locations":[{"start":{"line":92,"column":16},"end":{"line":92,"column":16},"skip":true},{"start":{"line":92,"column":16},"end":{"line":92,"column":16},"skip":true}]},"13":{"line":108,"type":"if","locations":[{"start":{"line":108,"column":12},"end":{"line":108,"column":12},"skip":true},{"start":{"line":108,"column":12},"end":{"line":108,"column":12},"skip":true}]},"14":{"line":108,"type":"binary-expr","locations":[{"start":{"line":108,"column":16},"end":{"line":108,"column":61},"skip":true},{"start":{"line":108,"column":66},"end":{"line":108,"column":72},"skip":true},{"start":{"line":108,"column":77},"end":{"line":108,"column":82},"skip":true},{"start":{"line":109,"column":20},"end":{"line":109,"column":39},"skip":true},{"start":{"line":110,"column":20},"end":{"line":110,"column":49},"skip":true},{"start":{"line":111,"column":20},"end":{"line":111,"column":58},"skip":true},{"start":{"line":112,"column":20},"end":{"line":112,"column":68},"skip":true}]},"15":{"line":129,"type":"if","locations":[{"start":{"line":129,"column":16},"end":{"line":129,"column":16},"skip":true},{"start":{"line":129,"column":16},"end":{"line":129,"column":16},"skip":true}]},"16":{"line":134,"type":"cond-expr","locations":[{"start":{"line":135,"column":26},"end":{"line":135,"column":29},"skip":true},{"start":{"line":136,"column":26},"end":{"line":136,"column":54},"skip":true}]},"17":{"line":164,"type":"binary-expr","locations":[{"start":{"line":164,"column":27},"end":{"line":164,"column":43},"skip":true},{"start":{"line":164,"column":47},"end":{"line":164,"column":49},"skip":true}]},"18":{"line":258,"type":"if","locations":[{"start":{"line":258,"column":8},"end":{"line":258,"column":8},"skip":true},{"start":{"line":258,"column":8},"end":{"line":258,"column":8},"skip":true}]},"19":{"line":275,"type":"switch","locations":[{"start":{"line":276,"column":20},"end":{"line":277,"column":64},"skip":true},{"start":{"line":278,"column":20},"end":{"line":279,"column":40},"skip":true},{"start":{"line":280,"column":20},"end":{"line":281,"column":40},"skip":true},{"start":{"line":282,"column":20},"end":{"line":283,"column":39},"skip":true}]},"20":{"line":288,"type":"if","locations":[{"start":{"line":288,"column":8},"end":{"line":288,"column":8},"skip":true},{"start":{"line":288,"column":8},"end":{"line":288,"column":8},"skip":true}]},"21":{"line":288,"type":"binary-expr","locations":[{"start":{"line":288,"column":12},"end":{"line":288,"column":40},"skip":true},{"start":{"line":288,"column":44},"end":{"line":288,"column":67},"skip":true}]},"22":{"line":292,"type":"binary-expr","locations":[{"start":{"line":292,"column":12},"end":{"line":292,"column":50},"skip":true},{"start":{"line":293,"column":12},"end":{"line":293,"column":53},"skip":true}]},"23":{"line":297,"type":"binary-expr","locations":[{"start":{"line":297,"column":12},"end":{"line":297,"column":63},"skip":true},{"start":{"line":298,"column":12},"end":{"line":301,"column":36},"skip":true}]},"24":{"line":303,"type":"binary-expr","locations":[{"start":{"line":303,"column":43},"end":{"line":303,"column":75},"skip":true},{"start":{"line":303,"column":79},"end":{"line":303,"column":81},"skip":true}]},"25":{"line":306,"type":"if","locations":[{"start":{"line":306,"column":8},"end":{"line":306,"column":8},"skip":true},{"start":{"line":306,"column":8},"end":{"line":306,"column":8},"skip":true}]},"26":{"line":310,"type":"if","locations":[{"start":{"line":310,"column":8},"end":{"line":310,"column":8},"skip":true},{"start":{"line":310,"column":8},"end":{"line":310,"column":8},"skip":true}]},"27":{"line":313,"type":"binary-expr","locations":[{"start":{"line":313,"column":27},"end":{"line":313,"column":43},"skip":true},{"start":{"line":313,"column":47},"end":{"line":313,"column":53},"skip":true}]},"28":{"line":317,"type":"if","locations":[{"start":{"line":317,"column":12},"end":{"line":317,"column":12},"skip":true},{"start":{"line":317,"column":12},"end":{"line":317,"column":12},"skip":true}]}},"code":["/*","example.js","","quickstart example","","instruction","    1. save this script as example.js","    2. run the shell command:","        $ npm install npmtest-realm && PORT=8081 node example.js","    3. play with the browser-demo on http://127.0.0.1:8081","*/","","","","/* istanbul instrument in package npmtest_realm */","/*jslint","    bitwise: true,","    browser: true,","    maxerr: 8,","    maxlen: 96,","    node: true,","    nomen: true,","    regexp: true,","    stupid: true","*/","(function () {","    'use strict';","    var local;","","","","    // run shared js-env code - pre-init","    (function () {","        // init local","        local = {};","        // init modeJs","        local.modeJs = (function () {","            try {","                return typeof navigator.userAgent === 'string' &&","                    typeof document.querySelector('body') === 'object' &&","                    typeof XMLHttpRequest.prototype.open === 'function' &&","                    'browser';","            } catch (errorCaughtBrowser) {","                return module.exports &&","                    typeof process.versions.node === 'string' &&","                    typeof require('http').createServer === 'function' &&","                    'node';","            }","        }());","        // init global","        local.global = local.modeJs === 'browser'","            ? window","            : global;","        // init utility2_rollup","        local = local.global.utility2_rollup || (local.modeJs === 'browser'","            ? local.global.utility2_npmtest_realm","            : global.utility2_moduleExports);","        // export local","        local.global.local = local;","    }());","    switch (local.modeJs) {","","","","    // post-init","    // run browser js-env code - post-init","    /* istanbul ignore next */","    case 'browser':","        local.testRunBrowser = function (event) {","            if (!event || (event &&","                    event.currentTarget &&","                    event.currentTarget.className &&","                    event.currentTarget.className.includes &&","                    event.currentTarget.className.includes('onreset'))) {","                // reset output","                Array.from(","                    document.querySelectorAll('body > .resettable')","                ).forEach(function (element) {","                    switch (element.tagName) {","                    case 'INPUT':","                    case 'TEXTAREA':","                        element.value = '';","                        break;","                    default:","                        element.textContent = '';","                    }","                });","            }","            switch (event && event.currentTarget && event.currentTarget.id) {","            case 'testRunButton1':","                // show tests","                if (document.querySelector('#testReportDiv1').style.display === 'none') {","                    document.querySelector('#testReportDiv1').style.display = 'block';","                    document.querySelector('#testRunButton1').textContent =","                        'hide internal test';","                    local.modeTest = true;","                    local.testRunDefault(local);","                // hide tests","                } else {","                    document.querySelector('#testReportDiv1').style.display = 'none';","                    document.querySelector('#testRunButton1').textContent = 'run internal test';","                }","                break;","            // custom-case","            default:","                break;","            }","            if (document.querySelector('#inputTextareaEval1') && (!event || (event &&","                    event.currentTarget &&","                    event.currentTarget.className &&","                    event.currentTarget.className.includes &&","                    event.currentTarget.className.includes('oneval')))) {","                // try to eval input-code","                try {","                    /*jslint evil: true*/","                    eval(document.querySelector('#inputTextareaEval1').value);","                } catch (errorCaught) {","                    console.error(errorCaught);","                }","            }","        };","        // log stderr and stdout to #outputTextareaStdout1","        ['error', 'log'].forEach(function (key) {","            console[key + '_original'] = console[key];","            console[key] = function () {","                var element;","                console[key + '_original'].apply(console, arguments);","                element = document.querySelector('#outputTextareaStdout1');","                if (!element) {","                    return;","                }","                // append text to #outputTextareaStdout1","                element.value += Array.from(arguments).map(function (arg) {","                    return typeof arg === 'string'","                        ? arg","                        : JSON.stringify(arg, null, 4);","                }).join(' ') + '\\n';","                // scroll textarea to bottom","                element.scrollTop = element.scrollHeight;","            };","        });","        // init event-handling","        ['change', 'click', 'keyup'].forEach(function (event) {","            Array.from(document.querySelectorAll('.on' + event)).forEach(function (element) {","                element.addEventListener(event, local.testRunBrowser);","            });","        });","        // run tests","        local.testRunBrowser();","        break;","","","","    // run node js-env code - post-init","    /* istanbul ignore next */","    case 'node':","        // export local","        module.exports = local;","        // require modules","        local.fs = require('fs');","        local.http = require('http');","        local.url = require('url');","        // init assets","        local.assetsDict = local.assetsDict || {};","        /* jslint-ignore-begin */","        local.assetsDict['/assets.index.template.html'] = '\\","<!doctype html>\\n\\","<html lang=\"en\">\\n\\","<head>\\n\\","<meta charset=\"UTF-8\">\\n\\","<meta name=\"viewport\" content=\"width=device-width, initial-scale=1\">\\n\\","<title>{{env.npm_package_name}} (v{{env.npm_package_version}})</title>\\n\\","<style>\\n\\","/*csslint\\n\\","    box-sizing: false,\\n\\","    universal-selector: false\\n\\","*/\\n\\","* {\\n\\","    box-sizing: border-box;\\n\\","}\\n\\","body {\\n\\","    background: #dde;\\n\\","    font-family: Arial, Helvetica, sans-serif;\\n\\","    margin: 2rem;\\n\\","}\\n\\","body > * {\\n\\","    margin-bottom: 1rem;\\n\\","}\\n\\",".utility2FooterDiv {\\n\\","    margin-top: 20px;\\n\\","    text-align: center;\\n\\","}\\n\\","</style>\\n\\","<style>\\n\\","/*csslint\\n\\","*/\\n\\","textarea {\\n\\","    font-family: monospace;\\n\\","    height: 10rem;\\n\\","    width: 100%;\\n\\","}\\n\\","textarea[readonly] {\\n\\","    background: #ddd;\\n\\","}\\n\\","</style>\\n\\","</head>\\n\\","<body>\\n\\","<!-- utility2-comment\\n\\","<div id=\"ajaxProgressDiv1\" style=\"background: #d00; height: 2px; left: 0; margin: 0; padding: 0; position: fixed; top: 0; transition: background 0.5s, width 1.5s; width: 25%;\"></div>\\n\\","utility2-comment -->\\n\\","<h1>\\n\\","<!-- utility2-comment\\n\\","    <a\\n\\","        {{#if env.npm_package_homepage}}\\n\\","        href=\"{{env.npm_package_homepage}}\"\\n\\","        {{/if env.npm_package_homepage}}\\n\\","        target=\"_blank\"\\n\\","    >\\n\\","utility2-comment -->\\n\\","        {{env.npm_package_name}} (v{{env.npm_package_version}})\\n\\","<!-- utility2-comment\\n\\","    </a>\\n\\","utility2-comment -->\\n\\","</h1>\\n\\","<h3>{{env.npm_package_description}}</h3>\\n\\","<!-- utility2-comment\\n\\","<h4><a download href=\"assets.app.js\">download standalone app</a></h4>\\n\\","<button class=\"onclick onreset\" id=\"testRunButton1\">run internal test</button><br>\\n\\","<div id=\"testReportDiv1\" style=\"display: none;\"></div>\\n\\","utility2-comment -->\\n\\","\\n\\","\\n\\","\\n\\","<label>stderr and stdout</label>\\n\\","<textarea class=\"resettable\" id=\"outputTextareaStdout1\" readonly></textarea>\\n\\","<!-- utility2-comment\\n\\","{{#if isRollup}}\\n\\","<script src=\"assets.app.js\"></script>\\n\\","{{#unless isRollup}}\\n\\","utility2-comment -->\\n\\","<script src=\"assets.utility2.rollup.js\"></script>\\n\\","<script src=\"jsonp.utility2._stateInit?callback=window.utility2._stateInit\"></script>\\n\\","<script src=\"assets.npmtest_realm.rollup.js\"></script>\\n\\","<script src=\"assets.example.js\"></script>\\n\\","<script src=\"assets.test.js\"></script>\\n\\","<!-- utility2-comment\\n\\","{{/if isRollup}}\\n\\","utility2-comment -->\\n\\","<div class=\"utility2FooterDiv\">\\n\\","    [ this app was created with\\n\\","    <a href=\"https://github.com/kaizhu256/node-utility2\" target=\"_blank\">utility2</a>\\n\\","    ]\\n\\","</div>\\n\\","</body>\\n\\","</html>\\n\\","';","        /* jslint-ignore-end */","        if (local.templateRender) {","            local.assetsDict['/'] = local.templateRender(","                local.assetsDict['/assets.index.template.html'],","                {","                    env: local.objectSetDefault(local.env, {","                        npm_package_description: 'the greatest app in the world!',","                        npm_package_name: 'my-app',","                        npm_package_nameAlias: 'my_app',","                        npm_package_version: '0.0.1'","                    })","                }","            );","        } else {","            local.assetsDict['/'] = local.assetsDict['/assets.index.template.html']","                .replace((/\\{\\{env\\.(\\w+?)\\}\\}/g), function (match0, match1) {","                    // jslint-hack","                    String(match0);","                    switch (match1) {","                    case 'npm_package_description':","                        return 'the greatest app in the world!';","                    case 'npm_package_name':","                        return 'my-app';","                    case 'npm_package_nameAlias':","                        return 'my_app';","                    case 'npm_package_version':","                        return '0.0.1';","                    }","                });","        }","        // run the cli","        if (local.global.utility2_rollup || module !== require.main) {","            break;","        }","        local.assetsDict['/assets.example.js'] =","            local.assetsDict['/assets.example.js'] ||","            local.fs.readFileSync(__filename, 'utf8');","        // bug-workaround - long $npm_package_buildCustomOrg","        /* jslint-ignore-begin */","        local.assetsDict['/assets.npmtest_realm.rollup.js'] =","            local.assetsDict['/assets.npmtest_realm.rollup.js'] ||","            local.fs.readFileSync(","                local.npmtest_realm.__dirname + '/lib.npmtest_realm.js',","                'utf8'","            ).replace((/^#!/), '//');","        /* jslint-ignore-end */","        local.assetsDict['/favicon.ico'] = local.assetsDict['/favicon.ico'] || '';","        // if $npm_config_timeout_exit exists,","        // then exit this process after $npm_config_timeout_exit ms","        if (Number(process.env.npm_config_timeout_exit)) {","            setTimeout(process.exit, Number(process.env.npm_config_timeout_exit));","        }","        // start server","        if (local.global.utility2_serverHttp1) {","            break;","        }","        process.env.PORT = process.env.PORT || '8081';","        console.error('server starting on port ' + process.env.PORT);","        local.http.createServer(function (request, response) {","            request.urlParsed = local.url.parse(request.url);","            if (local.assetsDict[request.urlParsed.pathname] !== undefined) {","                response.end(local.assetsDict[request.urlParsed.pathname]);","                return;","            }","            response.statusCode = 404;","            response.end();","        }).listen(process.env.PORT);","        break;","    }","}());",""],"l":{"26":2,"28":2,"33":2,"35":2,"37":2,"38":2,"39":2,"44":1,"51":2,"55":2,"59":2,"61":2,"69":1,"70":2,"76":2,"79":2,"82":2,"83":2,"85":1,"89":2,"92":1,"93":1,"94":1,"96":1,"97":1,"100":1,"101":1,"103":1,"106":1,"108":2,"114":1,"116":1,"118":1,"123":1,"124":2,"125":2,"126":3,"127":3,"128":3,"129":3,"130":1,"133":3,"134":3,"139":3,"143":1,"144":3,"145":1,"149":1,"150":1,"158":1,"160":1,"161":1,"162":1,"164":1,"166":1,"258":1,"259":1,"271":1,"274":6,"275":6,"277":1,"279":2,"281":1,"283":2,"288":1,"289":1,"291":1,"296":1,"303":1,"306":1,"307":1,"310":1,"311":1,"313":1,"314":1,"315":1,"316":1,"317":1,"318":1,"319":1,"321":1,"322":1,"324":1}},"/home/travis/build/npmtest/node-npmtest-realm/node_modules/realm/lib/index.js":{"path":"/home/travis/build/npmtest/node-npmtest-realm/node_modules/realm/lib/index.js","s":{"1":1,"2":3,"3":1,"4":1,"5":1,"6":0,"7":0,"8":0,"9":0,"10":0,"11":0,"12":0,"13":0,"14":0,"15":0,"16":0,"17":1,"18":1,"19":1,"20":1,"21":1,"22":1,"23":1,"24":1,"25":1,"26":0,"27":0,"28":0,"29":0,"30":1,"31":0,"32":1,"33":1},"b":{"1":[1,0],"2":[1,1],"3":[0,1],"4":[0,0],"5":[0,0],"6":[0,0],"7":[0,0],"8":[0,0],"9":[0,0],"10":[0,0],"11":[0,0],"12":[1,1,0,0,0,0],"13":[0,1]},"f":{"1":3,"2":1},"fnMap":{"1":{"name":"nodeRequire","line":22,"loc":{"start":{"line":22,"column":0},"end":{"line":22,"column":29}}},"2":{"name":"getContext","line":27,"loc":{"start":{"line":27,"column":0},"end":{"line":27,"column":22}}}},"statementMap":{"1":{"start":{"line":22,"column":0},"end":{"line":24,"column":1}},"2":{"start":{"line":23,"column":4},"end":{"line":23,"column":27}},"3":{"start":{"line":27,"column":0},"end":{"line":63,"column":1}},"4":{"start":{"line":30,"column":4},"end":{"line":32,"column":5}},"5":{"start":{"line":31,"column":8},"end":{"line":31,"column":67}},"6":{"start":{"line":35,"column":4},"end":{"line":37,"column":5}},"7":{"start":{"line":36,"column":8},"end":{"line":36,"column":24}},"8":{"start":{"line":41,"column":4},"end":{"line":48,"column":5}},"9":{"start":{"line":42,"column":8},"end":{"line":45,"column":9}},"10":{"start":{"line":44,"column":12},"end":{"line":44,"column":33}},"11":{"start":{"line":47,"column":8},"end":{"line":47,"column":24}},"12":{"start":{"line":51,"column":4},"end":{"line":53,"column":5}},"13":{"start":{"line":52,"column":8},"end":{"line":52,"column":32}},"14":{"start":{"line":57,"column":4},"end":{"line":60,"column":5}},"15":{"start":{"line":59,"column":8},"end":{"line":59,"column":32}},"16":{"start":{"line":62,"column":4},"end":{"line":62,"column":45}},"17":{"start":{"line":65,"column":0},"end":{"line":65,"column":21}},"18":{"start":{"line":67,"column":0},"end":{"line":89,"column":1}},"19":{"start":{"line":70,"column":8},"end":{"line":70,"column":49}},"20":{"start":{"line":72,"column":8},"end":{"line":72,"column":49}},"21":{"start":{"line":73,"column":8},"end":{"line":73,"column":39}},"22":{"start":{"line":74,"column":8},"end":{"line":74,"column":71}},"23":{"start":{"line":75,"column":8},"end":{"line":75,"column":44}},"24":{"start":{"line":77,"column":8},"end":{"line":77,"column":55}},"25":{"start":{"line":78,"column":8},"end":{"line":78,"column":14}},"26":{"start":{"line":82,"column":8},"end":{"line":82,"column":33}},"27":{"start":{"line":83,"column":8},"end":{"line":83,"column":14}},"28":{"start":{"line":87,"column":8},"end":{"line":87,"column":56}},"29":{"start":{"line":88,"column":8},"end":{"line":88,"column":14}},"30":{"start":{"line":91,"column":0},"end":{"line":93,"column":1}},"31":{"start":{"line":92,"column":4},"end":{"line":92,"column":189}},"32":{"start":{"line":95,"column":0},"end":{"line":95,"column":42}},"33":{"start":{"line":97,"column":0},"end":{"line":97,"column":34}}},"branchMap":{"1":{"line":30,"type":"if","locations":[{"start":{"line":30,"column":4},"end":{"line":30,"column":4}},{"start":{"line":30,"column":4},"end":{"line":30,"column":4}}]},"2":{"line":30,"type":"binary-expr","locations":[{"start":{"line":30,"column":8},"end":{"line":30,"column":35}},{"start":{"line":30,"column":39},"end":{"line":30,"column":74}}]},"3":{"line":31,"type":"cond-expr","locations":[{"start":{"line":31,"column":45},"end":{"line":31,"column":55}},{"start":{"line":31,"column":58},"end":{"line":31,"column":66}}]},"4":{"line":35,"type":"if","locations":[{"start":{"line":35,"column":4},"end":{"line":35,"column":4}},{"start":{"line":35,"column":4},"end":{"line":35,"column":4}}]},"5":{"line":41,"type":"if","locations":[{"start":{"line":41,"column":4},"end":{"line":41,"column":4}},{"start":{"line":41,"column":4},"end":{"line":41,"column":4}}]},"6":{"line":42,"type":"if","locations":[{"start":{"line":42,"column":8},"end":{"line":42,"column":8}},{"start":{"line":42,"column":8},"end":{"line":42,"column":8}}]},"7":{"line":42,"type":"binary-expr","locations":[{"start":{"line":42,"column":12},"end":{"line":42,"column":44}},{"start":{"line":43,"column":12},"end":{"line":43,"column":47}}]},"8":{"line":51,"type":"if","locations":[{"start":{"line":51,"column":4},"end":{"line":51,"column":4}},{"start":{"line":51,"column":4},"end":{"line":51,"column":4}}]},"9":{"line":51,"type":"binary-expr","locations":[{"start":{"line":51,"column":8},"end":{"line":51,"column":37}},{"start":{"line":51,"column":41},"end":{"line":51,"column":57}}]},"10":{"line":57,"type":"if","locations":[{"start":{"line":57,"column":4},"end":{"line":57,"column":4}},{"start":{"line":57,"column":4},"end":{"line":57,"column":4}}]},"11":{"line":57,"type":"binary-expr","locations":[{"start":{"line":57,"column":8},"end":{"line":57,"column":40}},{"start":{"line":58,"column":8},"end":{"line":58,"column":42}}]},"12":{"line":67,"type":"switch","locations":[{"start":{"line":68,"column":4},"end":{"line":68,"column":18}},{"start":{"line":69,"column":4},"end":{"line":78,"column":14}},{"start":{"line":80,"column":4},"end":{"line":80,"column":23}},{"start":{"line":81,"column":4},"end":{"line":83,"column":14}},{"start":{"line":85,"column":4},"end":{"line":85,"column":26}},{"start":{"line":86,"column":4},"end":{"line":88,"column":14}}]},"13":{"line":91,"type":"if","locations":[{"start":{"line":91,"column":0},"end":{"line":91,"column":0}},{"start":{"line":91,"column":0},"end":{"line":91,"column":0}}]}},"code":["////////////////////////////////////////////////////////////////////////////","//","// Copyright 2016 Realm Inc.","//","// Licensed under the Apache License, Version 2.0 (the \"License\");","// you may not use this file except in compliance with the License.","// You may obtain a copy of the License at","//","// http://www.apache.org/licenses/LICENSE-2.0","//","// Unless required by applicable law or agreed to in writing, software","// distributed under the License is distributed on an \"AS IS\" BASIS,","// WITHOUT WARRANTIES OR CONDITIONS OF ANY KIND, either express or implied.","// See the License for the specific language governing permissions and","// limitations under the License.","//","////////////////////////////////////////////////////////////////////////////","","'use strict';","","// Prevent React Native packager from seeing modules required with this","function nodeRequire(module) {","    return require(module);","}","","","function getContext() {","    // If process is an object, we're probably running in Node or Electron","    // From: http://stackoverflow.com/a/24279593/1417293","    if (typeof process === 'object' && process + '' === '[object process]') {","        return process.type === 'renderer' ? 'electron' : 'nodejs';","    }","","    // When running via Jest, the jest object is defined.","    if (typeof jest === 'object') {","        return 'nodejs';","    }","","    // If we've already injected the Realm class, we are probably","    // running in a jscore environment, either directly or via React Native","    if (typeof Realm !== 'undefined') {","        if (typeof navigator !== 'undefined' && ","            navigator.product === 'ReactNative') { // eslint-disable-line no-undef","            return 'reactnative';","        }","","        return 'jscore';","    }","","    // Visual Studio Code defines the global.__debug__ object.","    if (typeof global !== 'undefined' && global.__debug__) {","        return 'vscodedebugger';","    }","","    // Finally, if the navigator.userAgent contains the string \"Chrome\", we're likely","    // running via the chrome debugger.","    if (typeof navigator !== 'undefined' && ","        /Chrome/.test(navigator.userAgent)) { // eslint-disable-line no-undef","        return 'chromedebugger';","    }","","    throw Error(\"Unknown execution context\");","}","","var realmConstructor;","","switch(getContext()) {","    case 'nodejs':","    case 'electron':","        nodeRequire('./submit-analytics')('Run'); ","","        var binary = nodeRequire('node-pre-gyp');","        var path = nodeRequire('path');","        var pkg = path.resolve(path.join(__dirname,'../package.json'));","        var binding_path = binary.find(pkg);","","        realmConstructor = require(binding_path).Realm;","        break;","    ","    case 'reactnative':","    case 'jscore':","        realmConstructor = Realm;  // eslint-disable-line no-undef","        break;","","    case 'chromedebugger':","    case 'vscodedebugger':","        realmConstructor = require('./browser').default; // (exported as ES6 module)","        break;","}","","if (!realmConstructor) {","    throw new Error('Missing Realm constructor. Did you run \"react-native link realm\"? Please see https://realm.io/docs/react-native/latest/#missing-realm-constructor for troubleshooting');","}","","require('./extensions')(realmConstructor);","","module.exports = realmConstructor;",""],"l":{"22":1,"23":3,"27":1,"30":1,"31":1,"35":0,"36":0,"41":0,"42":0,"44":0,"47":0,"51":0,"52":0,"57":0,"59":0,"62":0,"65":1,"67":1,"70":1,"72":1,"73":1,"74":1,"75":1,"77":1,"78":1,"82":0,"83":0,"87":0,"88":0,"91":1,"92":0,"95":1,"97":1}},"/home/travis/build/npmtest/node-npmtest-realm/node_modules/realm/lib/submit-analytics.js":{"path":"/home/travis/build/npmtest/node-npmtest-realm/node_modules/realm/lib/submit-analytics.js","s":{"1":1,"2":1,"3":1,"4":1,"5":1,"6":2,"7":2,"8":2,"9":1,"10":0,"11":0,"12":0,"13":0,"14":0,"15":0,"16":1,"17":1,"18":1,"19":0,"20":0,"21":0,"22":1,"23":1,"24":0,"25":1,"26":0,"27":1,"28":1,"29":0,"30":1,"31":1,"32":1,"33":1,"34":0},"b":{"1":[0,0],"2":[0,0],"3":[1,0],"4":[0,0],"5":[0,1,0],"6":[0,1],"7":[0,1]},"f":{"1":2,"2":0,"3":1,"4":1,"5":1},"fnMap":{"1":{"name":"sha256","line":33,"loc":{"start":{"line":33,"column":0},"end":{"line":33,"column":22}}},"2":{"name":"getDarwinIdentifier","line":39,"loc":{"start":{"line":39,"column":0},"end":{"line":39,"column":31}}},"3":{"name":"getLinuxIdentifier","line":50,"loc":{"start":{"line":50,"column":0},"end":{"line":50,"column":30}}},"4":{"name":"getAnonymizedMachineIdentifier","line":60,"loc":{"start":{"line":60,"column":0},"end":{"line":60,"column":42}}},"5":{"name":"(anonymous_5)","line":71,"loc":{"start":{"line":71,"column":17},"end":{"line":71,"column":37}}}},"statementMap":{"1":{"start":{"line":28,"column":0},"end":{"line":28,"column":25}},"2":{"start":{"line":29,"column":0},"end":{"line":29,"column":33}},"3":{"start":{"line":30,"column":0},"end":{"line":30,"column":25}},"4":{"start":{"line":31,"column":0},"end":{"line":31,"column":35}},"5":{"start":{"line":33,"column":0},"end":{"line":37,"column":1}},"6":{"start":{"line":34,"column":4},"end":{"line":34,"column":43}},"7":{"start":{"line":35,"column":4},"end":{"line":35,"column":22}},"8":{"start":{"line":36,"column":4},"end":{"line":36,"column":30}},"9":{"start":{"line":39,"column":0},"end":{"line":48,"column":1}},"10":{"start":{"line":40,"column":4},"end":{"line":40,"column":46}},"11":{"start":{"line":41,"column":4},"end":{"line":41,"column":57}},"12":{"start":{"line":42,"column":4},"end":{"line":44,"column":5}},"13":{"start":{"line":43,"column":8},"end":{"line":43,"column":46}},"14":{"start":{"line":46,"column":4},"end":{"line":46,"column":47}},"15":{"start":{"line":47,"column":4},"end":{"line":47,"column":34}},"16":{"start":{"line":50,"column":0},"end":{"line":58,"column":1}},"17":{"start":{"line":51,"column":4},"end":{"line":57,"column":5}},"18":{"start":{"line":52,"column":8},"end":{"line":52,"column":59}},"19":{"start":{"line":53,"column":11},"end":{"line":57,"column":5}},"20":{"start":{"line":54,"column":8},"end":{"line":54,"column":50}},"21":{"start":{"line":56,"column":8},"end":{"line":56,"column":46}},"22":{"start":{"line":60,"column":0},"end":{"line":69,"column":1}},"23":{"start":{"line":61,"column":4},"end":{"line":68,"column":5}},"24":{"start":{"line":63,"column":12},"end":{"line":63,"column":49}},"25":{"start":{"line":65,"column":12},"end":{"line":65,"column":48}},"26":{"start":{"line":67,"column":12},"end":{"line":67,"column":24}},"27":{"start":{"line":71,"column":0},"end":{"line":94,"column":1}},"28":{"start":{"line":72,"column":4},"end":{"line":73,"column":15}},"29":{"start":{"line":73,"column":8},"end":{"line":73,"column":15}},"30":{"start":{"line":75,"column":4},"end":{"line":75,"column":56}},"31":{"start":{"line":76,"column":4},"end":{"line":90,"column":6}},"32":{"start":{"line":92,"column":4},"end":{"line":93,"column":55}},"33":{"start":{"line":96,"column":0},"end":{"line":98,"column":1}},"34":{"start":{"line":97,"column":4},"end":{"line":97,"column":30}}},"branchMap":{"1":{"line":41,"type":"binary-expr","locations":[{"start":{"line":41,"column":18},"end":{"line":41,"column":35}},{"start":{"line":41,"column":39},"end":{"line":41,"column":56}}]},"2":{"line":42,"type":"if","locations":[{"start":{"line":42,"column":4},"end":{"line":42,"column":4}},{"start":{"line":42,"column":4},"end":{"line":42,"column":4}}]},"3":{"line":51,"type":"if","locations":[{"start":{"line":51,"column":4},"end":{"line":51,"column":4}},{"start":{"line":51,"column":4},"end":{"line":51,"column":4}}]},"4":{"line":53,"type":"if","locations":[{"start":{"line":53,"column":11},"end":{"line":53,"column":11}},{"start":{"line":53,"column":11},"end":{"line":53,"column":11}}]},"5":{"line":61,"type":"switch","locations":[{"start":{"line":62,"column":8},"end":{"line":63,"column":49}},{"start":{"line":64,"column":8},"end":{"line":65,"column":48}},{"start":{"line":66,"column":8},"end":{"line":67,"column":24}}]},"6":{"line":72,"type":"if","locations":[{"start":{"line":72,"column":4},"end":{"line":72,"column":4}},{"start":{"line":72,"column":4},"end":{"line":72,"column":4}}]},"7":{"line":96,"type":"if","locations":[{"start":{"line":96,"column":0},"end":{"line":96,"column":0}},{"start":{"line":96,"column":0},"end":{"line":96,"column":0}}]}},"code":["//#!/usr/bin/env node","","// Asynchronously submits install information to Realm.","//","// Why are we doing this? In short, because it helps us build a better product","// for you. None of the data personally identifies you, your employer or your","// app, but it *will* help us understand what language you use, what Node.js","// versions you target, etc. Having this info will help prioritizing our time,","// adding new features and deprecating old features. Collecting an anonymized","// application path & anonymized machine identifier is the only way for us to","// count actual usage of the other metrics accurately. If we don’t have a way to","// deduplicate the info reported, it will be useless, as a single developer","// `npm install`-ing the same app 10 times would report 10 times more than another ","// developer that only installs once, making the data all but useless.","// No one likes sharing data unless it’s necessary, we get it, and we’ve","// debated adding this for a long long time. If you truly, absolutely","// feel compelled to not send this data back to Realm, then you can set an env","// variable named REALM_DISABLE_ANALYTICS.","//","// Currently the following information is reported:","// - What version of Realm is being installed.","// - The OS platform and version which is being used.","// - Node.js, v8, libuv, OpenSSL version numbers. ","// - An anonymous machine identifier and hashed application path to aggregate the other information on.","","'use strict';","","const os = require('os');","const crypto = require('crypto');","const fs = require('fs');","const request = require('request');","","function sha256(data) {","    let hash = crypto.createHash('sha256');","    hash.update(data);","    return hash.digest('hex');","}","","function getDarwinIdentifier() {","    const interfaces = os.networkInterfaces();","    const iface = interfaces[\"en0\"] || interfaces[\"en1\"];","    if (!iface) {","        return Buffer.from('unknown', 'utf8');","    }","","    const mac = iface[0].mac.replace(/:/g, '');","    return new Buffer(mac, 'hex');","}","","function getLinuxIdentifier() {","    if (fs.existsSync('/var/lib/dbus/machine-id')) {","        return fs.readFileSync('/var/lib/dbus/machine-id');","    } else if (fs.existsSync('/etc/machine-id')) {","        return fs.readFileSync('/etc/machine-id');","    } else {","        return Buffer.from('unknown', 'utf8');","    }","}","","function getAnonymizedMachineIdentifier() {","    switch (os.platform()) {","        case 'darwin':","            return sha256(getDarwinIdentifier());","        case 'linux':","            return sha256(getLinuxIdentifier());","        default:","            return null;","    }","}","","module.exports = function(eventName) {","    if ('REALM_DISABLE_ANALYTICS' in process.env)","        return;","","    const identifier = getAnonymizedMachineIdentifier();","    const payload = {","        'event': eventName,","        'properties': {","            'token': 'aab85907a13e1ff44a95be539d9942a9',","            'distinct_id': identifier,","            'Anonymized Machine Identifier': identifier,","            'Anonymized Application ID': sha256(__dirname),","            'Binding': 'node.js',","            'Version': require('../package.json').version,","            'Language': 'javascript',","            'OS Type': os.platform(),","            'OS Version': os.release(),","            'Node.js versions': process.versions","        }","    };","","    request(`https://api.mixpanel.com/track/?data=${new Buffer(JSON.stringify(payload), 'utf8').toString('base64')}&ip=1`, ","        () => { /* Analytics failed. Do nothing. */ });","}","","if (require.main === module) {","    module.exports('Install');","}",""],"l":{"28":1,"29":1,"30":1,"31":1,"33":1,"34":2,"35":2,"36":2,"39":1,"40":0,"41":0,"42":0,"43":0,"46":0,"47":0,"50":1,"51":1,"52":1,"53":0,"54":0,"56":0,"60":1,"61":1,"63":0,"65":1,"67":0,"71":1,"72":1,"73":0,"75":1,"76":1,"92":1,"96":1,"97":0}},"/home/travis/build/npmtest/node-npmtest-realm/node_modules/realm/lib/extensions.js":{"path":"/home/travis/build/npmtest/node-npmtest-realm/node_modules/realm/lib/extensions.js","s":{"1":1,"2":0,"3":0,"4":0,"5":1,"6":4,"7":0,"8":1,"9":1,"10":1,"11":1,"12":1,"13":1,"14":1,"15":0,"16":0,"17":0,"18":0,"19":0,"20":0,"21":0,"22":0,"23":0,"24":0,"25":0,"26":0,"27":0,"28":0,"29":0,"30":0,"31":1,"32":0,"33":1,"34":1,"35":0,"36":0,"37":0,"38":0,"39":0,"40":0,"41":0},"b":{"1":[1,1],"2":[0,4],"3":[0,1],"4":[0,0],"5":[0,0],"6":[0,0]},"f":{"1":0,"2":0,"3":4,"4":1,"5":0,"6":0,"7":0,"8":0},"fnMap":{"1":{"name":"(anonymous_1)","line":21,"loc":{"start":{"line":21,"column":68},"end":{"line":21,"column":82}}},"2":{"name":"(anonymous_2)","line":22,"loc":{"start":{"line":22,"column":50},"end":{"line":22,"column":79}}},"3":{"name":"setConstructorOnPrototype","line":28,"loc":{"start":{"line":28,"column":0},"end":{"line":28,"column":42}}},"4":{"name":"(anonymous_4)","line":34,"loc":{"start":{"line":34,"column":17},"end":{"line":34,"column":44}}},"5":{"name":"(anonymous_5)","line":55,"loc":{"start":{"line":55,"column":33},"end":{"line":55,"column":45}}},"6":{"name":"(anonymous_6)","line":59,"loc":{"start":{"line":59,"column":44},"end":{"line":59,"column":56}}},"7":{"name":"(anonymous_7)","line":71,"loc":{"start":{"line":71,"column":17},"end":{"line":71,"column":29}}},"8":{"name":"(anonymous_8)","line":90,"loc":{"start":{"line":90,"column":13},"end":{"line":90,"column":24}}}},"statementMap":{"1":{"start":{"line":21,"column":0},"end":{"line":26,"column":2}},"2":{"start":{"line":22,"column":4},"end":{"line":25,"column":11}},"3":{"start":{"line":23,"column":8},"end":{"line":23,"column":71}},"4":{"start":{"line":24,"column":8},"end":{"line":24,"column":27}},"5":{"start":{"line":28,"column":0},"end":{"line":32,"column":1}},"6":{"start":{"line":29,"column":4},"end":{"line":31,"column":5}},"7":{"start":{"line":30,"column":8},"end":{"line":30,"column":116}},"8":{"start":{"line":34,"column":0},"end":{"line":108,"column":1}},"9":{"start":{"line":36,"column":4},"end":{"line":36,"column":100}},"10":{"start":{"line":38,"column":4},"end":{"line":38,"column":59}},"11":{"start":{"line":39,"column":4},"end":{"line":39,"column":53}},"12":{"start":{"line":40,"column":4},"end":{"line":40,"column":56}},"13":{"start":{"line":41,"column":4},"end":{"line":41,"column":55}},"14":{"start":{"line":44,"column":4},"end":{"line":75,"column":5}},"15":{"start":{"line":45,"column":8},"end":{"line":45,"column":52}},"16":{"start":{"line":46,"column":8},"end":{"line":46,"column":107}},"17":{"start":{"line":47,"column":8},"end":{"line":47,"column":119}},"18":{"start":{"line":48,"column":8},"end":{"line":48,"column":108}},"19":{"start":{"line":50,"column":8},"end":{"line":50,"column":72}},"20":{"start":{"line":52,"column":8},"end":{"line":65,"column":9}},"21":{"start":{"line":54,"column":12},"end":{"line":54,"column":62}},"22":{"start":{"line":55,"column":12},"end":{"line":58,"column":15}},"23":{"start":{"line":56,"column":16},"end":{"line":56,"column":48}},"24":{"start":{"line":57,"column":16},"end":{"line":57,"column":32}},"25":{"start":{"line":59,"column":12},"end":{"line":64,"column":15}},"26":{"start":{"line":60,"column":16},"end":{"line":60,"column":48}},"27":{"start":{"line":62,"column":16},"end":{"line":62,"column":37}},"28":{"start":{"line":63,"column":16},"end":{"line":63,"column":33}},"29":{"start":{"line":67,"column":8},"end":{"line":67,"column":62}},"30":{"start":{"line":68,"column":8},"end":{"line":68,"column":65}},"31":{"start":{"line":70,"column":8},"end":{"line":74,"column":10}},"32":{"start":{"line":72,"column":16},"end":{"line":72,"column":157}},"33":{"start":{"line":78,"column":4},"end":{"line":88,"column":7}},"34":{"start":{"line":89,"column":4},"end":{"line":107,"column":7}},"35":{"start":{"line":91,"column":12},"end":{"line":103,"column":13}},"36":{"start":{"line":94,"column":16},"end":{"line":94,"column":78}},"37":{"start":{"line":95,"column":16},"end":{"line":95,"column":123}},"38":{"start":{"line":96,"column":16},"end":{"line":101,"column":17}},"39":{"start":{"line":97,"column":20},"end":{"line":97,"column":38}},"40":{"start":{"line":100,"column":20},"end":{"line":100,"column":37}},"41":{"start":{"line":104,"column":12},"end":{"line":104,"column":25}}},"branchMap":{"1":{"line":21,"type":"binary-expr","locations":[{"start":{"line":21,"column":32},"end":{"line":21,"column":64}},{"start":{"line":21,"column":68},"end":{"line":26,"column":1}}]},"2":{"line":29,"type":"if","locations":[{"start":{"line":29,"column":4},"end":{"line":29,"column":4}},{"start":{"line":29,"column":4},"end":{"line":29,"column":4}}]},"3":{"line":44,"type":"if","locations":[{"start":{"line":44,"column":4},"end":{"line":44,"column":4}},{"start":{"line":44,"column":4},"end":{"line":44,"column":4}}]},"4":{"line":52,"type":"if","locations":[{"start":{"line":52,"column":8},"end":{"line":52,"column":8}},{"start":{"line":52,"column":8},"end":{"line":52,"column":8}}]},"5":{"line":91,"type":"if","locations":[{"start":{"line":91,"column":12},"end":{"line":91,"column":12}},{"start":{"line":91,"column":12},"end":{"line":91,"column":12}}]},"6":{"line":96,"type":"if","locations":[{"start":{"line":96,"column":16},"end":{"line":96,"column":16}},{"start":{"line":96,"column":16},"end":{"line":96,"column":16}}]}},"code":["////////////////////////////////////////////////////////////////////////////","//","// Copyright 2016 Realm Inc.","//","// Licensed under the Apache License, Version 2.0 (the \"License\");","// you may not use this file except in compliance with the License.","// You may obtain a copy of the License at","//","// http://www.apache.org/licenses/LICENSE-2.0","//","// Unless required by applicable law or agreed to in writing, software","// distributed under the License is distributed on an \"AS IS\" BASIS,","// WITHOUT WARRANTIES OR CONDITIONS OF ANY KIND, either express or implied.","// See the License for the specific language governing permissions and","// limitations under the License.","//","////////////////////////////////////////////////////////////////////////////","","'use strict';","","let getOwnPropertyDescriptors = Object.getOwnPropertyDescriptors || function(obj) {","    return Object.getOwnPropertyNames(obj).reduce(function (descriptors, name) {","        descriptors[name] = Object.getOwnPropertyDescriptor(obj, name);","        return descriptors;","    }, {});","};","","function setConstructorOnPrototype(klass) {","    if (klass.prototype.constructor !== klass) {","        Object.defineProperty(klass.prototype, 'constructor', { value: klass, configurable: true, writable: true });","    }","}","","module.exports = function(realmConstructor) {","    // Add the specified Array methods to the Collection prototype.","    Object.defineProperties(realmConstructor.Collection.prototype, require('./collection-methods'));","","    setConstructorOnPrototype(realmConstructor.Collection);","    setConstructorOnPrototype(realmConstructor.List);","    setConstructorOnPrototype(realmConstructor.Results);","    setConstructorOnPrototype(realmConstructor.Object);","","    // Add sync methods","    if (realmConstructor.Sync) {","        let userMethods = require('./user-methods');","        Object.defineProperties(realmConstructor.Sync.User, getOwnPropertyDescriptors(userMethods.static));","        Object.defineProperties(realmConstructor.Sync.User.prototype, getOwnPropertyDescriptors(userMethods.instance));","        Object.defineProperty(realmConstructor.Sync.User, '_realmConstructor', { value: realmConstructor });","","        realmConstructor.Sync.AuthError = require('./errors').AuthError;","","        if (realmConstructor.Sync.cleanup) {","            // FIXME: DOES THIS WORK ON BOTH NODE AND REACT NATIVE?","            process.on('exit', realmConstructor.Sync.cleanup);","            process.on('SIGINT', function () {","                realmConstructor.Sync.cleanup();","                process.exit(2);","            });","            process.on('uncaughtException', function(e) {","                realmConstructor.Sync.cleanup();","                /* eslint-disable no-console */","                console.log(e.stack);","                process.exit(99);","            });","        }","","        setConstructorOnPrototype(realmConstructor.Sync.User);","        setConstructorOnPrototype(realmConstructor.Sync.Session);","    } else {","        Object.defineProperty(realmConstructor, 'Sync', {","            get: function () {","                throw new Error(\"Realm.Sync is not available. Note that the developer edition of the Node.JS SDK for Realm does not include sync on Linux.\");","            }","        })","    }","","    // TODO: Remove this now useless object.","    var types = Object.freeze({","        'BOOL': 'bool',","        'INT': 'int',","        'FLOAT': 'float',","        'DOUBLE': 'double',","        'STRING': 'string',","        'DATE': 'date',","        'DATA': 'data',","        'OBJECT': 'object',","        'LIST': 'list',","    });","    Object.defineProperty(realmConstructor, 'Types', {","        get: function() {","            if (typeof console != 'undefined') {","                /* global console */","                /* eslint-disable no-console */","                var stack = new Error().stack.split(\"\\n\").slice(2).join(\"\\n\");","                var msg = '`Realm.Types` is deprecated! Please specify the type name as lowercase string instead!\\n'+stack;","                if (console.warn != undefined) {","                    console.warn(msg);","                }","                else {","                    console.log(msg);","                }","                /* eslint-enable no-console */","            }","            return types;","        },","        configurable: true","    });","}",""],"l":{"21":1,"22":0,"23":0,"24":0,"28":1,"29":4,"30":0,"34":1,"36":1,"38":1,"39":1,"40":1,"41":1,"44":1,"45":0,"46":0,"47":0,"48":0,"50":0,"52":0,"54":0,"55":0,"56":0,"57":0,"59":0,"60":0,"62":0,"63":0,"67":0,"68":0,"70":1,"72":0,"78":1,"89":1,"91":0,"94":0,"95":0,"96":0,"97":0,"100":0,"104":0}},"/home/travis/build/npmtest/node-npmtest-realm/node_modules/realm/lib/collection-methods.js":{"path":"/home/travis/build/npmtest/node-npmtest-realm/node_modules/realm/lib/collection-methods.js","s":{"1":1,"2":1,"3":1,"4":0,"5":1,"6":10,"7":10,"8":10,"9":1,"10":3,"11":0,"12":0,"13":0,"14":0,"15":0,"16":0,"17":0,"18":0,"19":0,"20":0,"21":0,"22":0,"23":0,"24":0,"25":0,"26":3,"27":1},"b":{"1":[10,0],"2":[0,0],"3":[0,0],"4":[0,0,0]},"f":{"1":0,"2":10,"3":3,"4":0,"5":0},"fnMap":{"1":{"name":"(anonymous_1)","line":28,"loc":{"start":{"line":28,"column":11},"end":{"line":28,"column":22}}},"2":{"name":"(anonymous_2)","line":44,"loc":{"start":{"line":44,"column":10},"end":{"line":44,"column":31}}},"3":{"name":"(anonymous_3)","line":51,"loc":{"start":{"line":51,"column":38},"end":{"line":51,"column":59}}},"4":{"name":"(anonymous_4)","line":52,"loc":{"start":{"line":52,"column":17},"end":{"line":52,"column":28}}},"5":{"name":"(anonymous_5)","line":58,"loc":{"start":{"line":58,"column":23},"end":{"line":58,"column":34}}}},"statementMap":{"1":{"start":{"line":21,"column":0},"end":{"line":21,"column":37}},"2":{"start":{"line":24,"column":0},"end":{"line":24,"column":27}},"3":{"start":{"line":27,"column":0},"end":{"line":31,"column":3}},"4":{"start":{"line":29,"column":8},"end":{"line":29,"column":20}},"5":{"start":{"line":33,"column":0},"end":{"line":49,"column":3}},"6":{"start":{"line":45,"column":4},"end":{"line":45,"column":44}},"7":{"start":{"line":46,"column":4},"end":{"line":48,"column":5}},"8":{"start":{"line":47,"column":8},"end":{"line":47,"column":82}},"9":{"start":{"line":51,"column":0},"end":{"line":84,"column":3}},"10":{"start":{"line":52,"column":4},"end":{"line":81,"column":6}},"11":{"start":{"line":53,"column":8},"end":{"line":53,"column":24}},"12":{"start":{"line":54,"column":8},"end":{"line":54,"column":22}},"13":{"start":{"line":56,"column":8},"end":{"line":80,"column":11}},"14":{"start":{"line":59,"column":20},"end":{"line":62,"column":21}},"15":{"start":{"line":60,"column":24}
[...]
localRealmPath, realmUrl), timeout);","}","","function refreshAccessToken(user, localRealmPath, realmUrl) {","    let parsedRealmUrl = url_parse(realmUrl);","    const url = auth_url(user.server);","    const options = {","        method: 'POST',","        body: JSON.stringify({","            data: user.token,","            path: parsedRealmUrl.pathname,","            provider: 'realm',","            app_id: ''","        }),","        headers: postHeaders","    };","    performFetch(url, options)","        // in case something lower in the HTTP stack breaks, try again in 10 seconds","        .catch(() => setTimeout(() => refreshAccessToken(user, localRealmPath, realmUrl), 10 * 1000))","        .then((response) => response.json().then((json) => { return { response, json }; }))","        .then((responseAndJson) => {","            const response = responseAndJson.response;","            const json = responseAndJson.json;","            // Look up a fresh instance of the user.","            // We do this because in React Native Remote Debugging","            // `Realm.clearTestState()` will have invalidated the user object","            let newUser = user.constructor.all[user.identity];","            if (newUser) {","                let session = newUser._sessionForOnDiskPath(localRealmPath);","                if (session) {","                    const errorHandler = session.config.error;","                    if (response.status != 200) {","                        let error = new AuthError(json);","                        if (errorHandler) {","                            errorHandler(session, error);","                        } else {","                            (console.error || console.log).call(console, `Unhandled session token refresh error: ${error}`);","                        }","                    } else if (session.state !== 'invalid') {","                        parsedRealmUrl.set('pathname', json.access_token.token_data.path);","                        session._refreshAccessToken(json.access_token.token, parsedRealmUrl.href);","","                        if (errorHandler && errorHandler._notifyOnAccessTokenRefreshed) {","                            errorHandler(session, errorHandler._notifyOnAccessTokenRefreshed)","                        }","","                        const tokenExpirationDate = new Date(json.access_token.token_data.expires * 1000);","                        scheduleAccessTokenRefresh(newUser, localRealmPath, realmUrl, tokenExpirationDate);","                    }","                }","            }","        });","}","","function _authenticate(userConstructor, server, json, callback) {","    json.app_id = '';","    const url = auth_url(server);","    const options = {","        method: 'POST',","        body: JSON.stringify(json),","        headers: postHeaders,","        open_timeout: 5000","    };","    performFetch(url, options)","        .then((response) => { ","            if (response.status !== 200) {","                return response.json().then((body) => callback(new AuthError(body)));","            } else {","                return response.json().then(function (body) {","                    // TODO: validate JSON","                    const token = body.refresh_token.token;","                    const identity = body.refresh_token.token_data.identity;","                    callback(undefined, userConstructor.createUser(server, identity, token, false));","                }) ","            }","        })","        .catch(callback);","}","","module.exports = {","    static: {","        get current() {","            const allUsers = this.all;","            const keys = Object.keys(allUsers);","            if (keys.length === 0) {","                return undefined;","            } else if (keys.length > 1) {","                throw new Error(\"Multiple users are logged in\");","            }","","            return allUsers[keys[0]];","        },","","        adminUser(token) {","            checkTypes(arguments, ['string']);","            var uuid = 'xxxxxxxx-xxxx-4xxx-yxxx-xxxxxxxxxxxx'.replace(/[xy]/g, function(c) {","                var r = Math.random()*16|0, v = c == 'x' ? r : (r&0x3|0x8);","                return v.toString(16);","            });","            var user = this.createUser('', uuid, token, true);","            return user;","        },","","        register(server, username, password, callback) {","            checkTypes(arguments, ['string', 'string', 'string', 'function']);","            _authenticate(this, server, { ","                provider: 'password', ","                user_info: { password: password, register: true }, ","                data: username","            }, callback);","        },","","        login(server, username, password, callback) {","            checkTypes(arguments, ['string', 'string', 'string', 'function']);","            _authenticate(this, server, { ","                provider: 'password', ","                user_info: { password: password }, ","                data: username","            }, callback);","        },","","        registerWithProvider(server, options, callback) {","","            // Compatibility with previous signature: ","            // registerWithProvider(server, provider, providerToken, callback)","            if (arguments.length === 4) {","                checkTypes(arguments, ['string', 'string', 'string', 'function']);","                options = {","                    provider: arguments[1],","                    providerToken: arguments[2]","                };","                callback = arguments[3];    ","            } else {","                checkTypes(arguments, ['string', 'object', 'function']);","            }","","            let reqOptions = {","                provider: options.provider,","                data: options.providerToken,","            };","","            if (options.userInfo) {","                reqOptions.user_info = options.userInfo;","            }","","            _authenticate(this, server, reqOptions, callback);","        },","","        _refreshAccessToken: refreshAccessToken","    },","    instance: {","        openManagementRealm() {","            let url = url_parse(this.server);","            if (url.protocol === 'http:') {","                url.set('protocol', 'realm:');","            } else if (url.protocol === 'https:') {","                url.set('protocol', 'realms:');","            } else {","                throw new Error(`Unexpected user auth url: ${this.server}`);","            }","","            url.set('pathname', '/~/__management');","","            return new this.constructor._realmConstructor({","                schema: require('./management-schema'),","                sync: {","                    user: this,","                    url: url.href","                }","            });","        }","    }","};"],"l":{"21":1,"23":1,"24":1,"27":1,"28":0,"29":0,"30":0,"31":0,"36":1,"38":1,"40":1,"45":1,"46":0,"47":0,"49":0,"52":1,"53":0,"54":0,"55":0,"58":1,"59":0,"60":0,"61":0,"71":0,"73":0,"74":0,"76":0,"77":0,"81":0,"82":0,"83":0,"84":0,"85":0,"86":0,"87":0,"88":0,"89":0,"91":0,"93":0,"94":0,"95":0,"97":0,"98":0,"101":0,"102":0,"109":1,"110":0,"111":0,"112":0,"118":0,"120":0,"121":0,"123":0,"125":0,"126":0,"127":0,"134":1,"137":0,"138":0,"139":0,"140":0,"141":0,"142":0,"145":0,"149":0,"150":0,"151":0,"152":0,"154":0,"155":0,"159":0,"160":0,"168":0,"169":0,"180":0,"181":0,"182":0,"186":0,"188":0,"191":0,"196":0,"197":0,"200":0,"207":0,"208":0,"209":0,"210":0,"211":0,"213":0,"216":0,"218":0}},"/home/travis/build/npmtest/node-npmtest-realm/node_modules/realm/scripts/download-realm.js":{"path":"/home/travis/build/npmtest/node-npmtest-realm/node_modules/realm/scripts/download-realm.js","s":{"1":1,"2":1,"3":1,"4":1,"5":1,"6":1,"7":0,"8":0,"9":0,"10":0,"11":0,"12":0,"13":0,"14":0,"15":0,"16":1,"17":0,"18":0,"19":0,"20":0,"21":0,"22":1,"23":1,"24":1,"25":1,"26":1,"27":1,"28":1,"29":0,"30":0,"31":0},"b":{"1":[0,0],"2":[0,0],"3":[0,0],"4":[0,1],"5":[0,0]},"f":{"1":0,"2":0},"fnMap":{"1":{"name":"download","line":27,"loc":{"start":{"line":27,"column":0},"end":{"line":27,"column":36}}},"2":{"name":"extract","line":45,"loc":{"start":{"line":45,"column":0},"end":{"line":45,"column":39}}}},"statementMap":{"1":{"start":{"line":21,"column":0},"end":{"line":21,"column":25}},"2":{"start":{"line":22,"column":0},"end":{"line":22,"column":29}},"3":{"start":{"line":23,"column":0},"end":{"line":23,"column":36}},"4":{"start":{"line":24,"column":0},"end":{"line":24,"column":33}},"5":{"start":{"line":25,"column":0},"end":{"line":25,"column":37}},"6":{"start":{"line":27,"column":0},"end":{"line":43,"column":1}},"7":{"start":{"line":28,"column":4},"end":{"line":42,"column":7}},"8":{"start":{"line":29,"column":8},"end":{"line":41,"column":9}},"9":{"start":{"line":30,"column":12},"end":{"line":30,"column":116}},"10":{"start":{"line":31,"column":15},"end":{"line":41,"column":9}},"11":{"start":{"line":32,"column":12},"end":{"line":32,"column":106}},"12":{"start":{"line":34,"column":12},"end":{"line":40,"column":15}},"13":{"start":{"line":35,"column":16},"end":{"line":35,"column":63}},"14":{"start":{"line":36,"column":16},"end":{"line":39,"column":32}},"15":{"start":{"line":38,"column":33},"end":{"line":38,"column":53}},"16":{"start":{"line":45,"column":0},"end":{"line":55,"column":1}},"17":{"start":{"line":46,"column":4},"end":{"line":54,"column":7}},"18":{"start":{"line":47,"column":8},"end":{"line":53,"column":11}},"19":{"start":{"line":48,"column":12},"end":{"line":52,"column":13}},"20":{"start":{"line":49,"column":16},"end":{"line":49,"column":30}},"21":{"start":{"line":51,"column":16},"end":{"line":51,"column":26}},"22":{"start":{"line":57,"column":0},"end":{"line":57,"column":99}},"23":{"start":{"line":58,"column":0},"end":{"line":58,"column":80}},"24":{"start":{"line":59,"column":0},"end":{"line":59,"column":72}},"25":{"start":{"line":60,"column":0},"end":{"line":60,"column":55}},"26":{"start":{"line":61,"column":0},"end":{"line":61,"column":67}},"27":{"start":{"line":62,"column":0},"end":{"line":62,"column":55}},"28":{"start":{"line":64,"column":0},"end":{"line":67,"column":1}},"29":{"start":{"line":65,"column":4},"end":{"line":65,"column":125}},"30":{"start":{"line":66,"column":4},"end":{"line":66,"column":70}},"31":{"start":{"line":66,"column":28},"end":{"line":66,"column":68}}},"branchMap":{"1":{"line":29,"type":"if","locations":[{"start":{"line":29,"column":8},"end":{"line":29,"column":8}},{"start":{"line":29,"column":8},"end":{"line":29,"column":8}}]},"2":{"line":31,"type":"if","locations":[{"start":{"line":31,"column":15},"end":{"line":31,"column":15}},{"start":{"line":31,"column":15},"end":{"line":31,"column":15}}]},"3":{"line":48,"type":"if","locations":[{"start":{"line":48,"column":12},"end":{"line":48,"column":12}},{"start":{"line":48,"column":12},"end":{"line":48,"column":12}}]},"4":{"line":64,"type":"if","locations":[{"start":{"line":64,"column":0},"end":{"line":64,"column":0}},{"start":{"line":64,"column":0},"end":{"line":64,"column":0}}]},"5":{"line":65,"type":"cond-expr","locations":[{"start":{"line":65,"column":64},"end":{"line":65,"column":81}},{"start":{"line":65,"column":84},"end":{"line":65,"column":124}}]}},"code":["////////////////////////////////////////////////////////////////////////////","//","// Copyright 2016 Realm Inc.","//","// Licensed under the Apache License, Version 2.0 (the \"License\");","// you may not use this file except in compliance with the License.","// You may obtain a copy of the License at","//","// http://www.apache.org/licenses/LICENSE-2.0","//","// Unless required by applicable law or agreed to in writing, software","// distributed under the License is distributed on an \"AS IS\" BASIS,","// WITHOUT WARRANTIES OR CONDITIONS OF ANY KIND, either express or implied.","// See the License for the specific language governing permissions and","// limitations under the License.","//","////////////////////////////////////////////////////////////////////////////","","'use strict';","","const fs = require('fs');","const path = require('path');","const fetch = require('node-fetch');","const ini = require('ini').parse;","const unzip = require('extract-zip');","","function download(url, destination) {","    return fetch(url).then((response) => {","        if (response.status !== 200) {","            throw new Error(`Error downloading ${url} - received status ${response.status} ${response.statusText}`);","        } else if (response.headers.get('content-type') !== 'application/zip') {","            throw new Error(`Unexpected response content type - ${response.headers.get('content-type')}`);","        } else {","            return new Promise((resolve) => {","                const file = fs.createWriteStream(destination);","                response.body.pipe(file)","                             .on('finish', () => {","                                 file.close(resolve);","                             });  ","            });","        }","    });","}","","function extract(archive, destination) {","    return new Promise((resolve, reject) => {","        unzip(archive, { dir: destination }, (error) => {","            if (error) {","                reject(error);","            } else {","                resolve();","            }","        });","    });","}","","const dependencies = ini(fs.readFileSync(path.resolve(__dirname, '../dependencies.list'), 'utf8'));","const coreArchive = `realm-core-windows-${dependencies.REALM_CORE_VERSION}.zip`;","const coreUrl = `https://static.realm.io/downloads/core/${coreArchive}`;","const vendorDir = path.resolve(__dirname, '../vendor');","const downloadedCoreArchive = path.resolve(vendorDir, coreArchive);","const realmDir = path.resolve(vendorDir, 'realm-node');","","if (!fs.existsSync(realmDir)) {","    const downloadTask = fs.existsSync(downloadedCoreArchive) ? Promise.resolve() : download(coreUrl, downloadedCoreArchive);","    downloadTask.then(() => extract(downloadedCoreArchive, realmDir));","}"],"l":{"21":1,"22":1,"23":1,"24":1,"25":1,"27":1,"28":0,"29":0,"30":0,"31":0,"32":0,"34":0,"35":0,"36":0,"38":0,"45":1,"46":0,"47":0,"48":0,"49":0,"51":0,"57":1,"58":1,"59":1,"60":1,"61":1,"62":1,"64":1,"65":0,"66":0}},"/home/travis/build/npmtest/node-npmtest-realm/node_modules/realm/scripts/handle-license-check.js":{"path":"/home/travis/build/npmtest/node-npmtest-realm/node_modules/realm/scripts/handle-license-check.js","s":{"1":1,"2":1,"3":1,"4":1,"5":0,"6":1,"7":0,"8":0,"9":0,"10":0},"b":{"1":[0,0]},"f":{"1":0,"2":0},"fnMap":{"1":{"name":"(anonymous_1)","line":8,"loc":{"start":{"line":8,"column":25},"end":{"line":8,"column":40}}},"2":{"name":"(anonymous_2)","line":12,"loc":{"start":{"line":12,"column":24},"end":{"line":12,"column":35}}}},"statementMap":{"1":{"start":{"line":3,"column":0},"end":{"line":3,"column":23}},"2":{"start":{"line":4,"column":0},"end":{"line":4,"column":34}},"3":{"start":{"line":6,"column":0},"end":{"line":6,"column":25}},"4":{"start":{"line":8,"column":0},"end":{"line":10,"column":3}},"5":{"start":{"line":9,"column":4},"end":{"line":9,"column":33}},"6":{"start":{"line":12,"column":0},"end":{"line":19,"column":3}},"7":{"start":{"line":13,"column":4},"end":{"line":18,"column":5}},"8":{"start":{"line":14,"column":8},"end":{"line":14,"column":49}},"9":{"start":{"line":16,"column":8},"end":{"line":16,"column":65}},"10":{"start":{"line":17,"column":8},"end":{"line":17,"column":44}}},"branchMap":{"1":{"line":13,"type":"if","locations":[{"start":{"line":13,"column":4},"end":{"line":13,"column":4}},{"start":{"line":13,"column":4},"end":{"line":13,"column":4}}]}},"code":["//#!/usr/bin/env node","","process.stdin.resume();","process.stdin.setEncoding('utf8');","","var licenseCheckerResult;","","process.stdin.on('data', function(data) {","    licenseCheckerResult += data;","});","","process.stdin.on('end', function() {","    if (!licenseCheckerResult) {","        console.log(\"All licenses are accepted\");","    } else {","        console.error(\"Unknown license detected in dependency:\");","        console.error(licenseCheckerResult);","    }","});"],"l":{"3":1,"4":1,"6":1,"8":1,"9":0,"12":1,"13":0,"14":0,"16":0,"17":0}},"/home/travis/build/npmtest/node-npmtest-realm/node_modules/realm/scripts/prepublish.js":{"path":"/home/travis/build/npmtest/node-npmtest-realm/node_modules/realm/scripts/prepublish.js","s":{"1":1,"2":1,"3":1,"4":1,"5":1,"6":1,"7":1,"8":0,"9":0,"10":0,"11":1,"12":1,"13":1,"14":6,"15":6,"16":1},"b":{"1":[0,1],"2":[0,0]},"f":{"1":1},"fnMap":{"1":{"name":"ini","line":36,"loc":{"start":{"line":36,"column":0},"end":{"line":36,"column":21}}}},"statementMap":{"1":{"start":{"line":21,"column":0},"end":{"line":21,"column":25}},"2":{"start":{"line":22,"column":0},"end":{"line":22,"column":29}},"3":{"start":{"line":23,"column":0},"end":{"line":23,"column":51}},"4":{"start":{"line":25,"column":0},"end":{"line":25,"column":99}},"5":{"start":{"line":26,"column":0},"end":{"line":26,"column":64}},"6":{"start":{"line":27,"column":0},"end":{"line":27,"column":64}},"7":{"start":{"line":29,"column":0},"end":{"line":34,"column":1}},"8":{"start":{"line":30,"column":4},"end":{"line":30,"column":77}},"9":{"start":{"line":31,"column":4},"end":{"line":31,"column":75}},"10":{"start":{"line":33,"column":4},"end":{"line":33,"column":122}},"11":{"start":{"line":36,"column":0},"end":{"line":44,"column":1}},"12":{"start":{"line":37,"column":4},"end":{"line":37,"column":39}},"13":{"start":{"line":38,"column":4},"end":{"line":41,"column":5}},"14":{"start":{"line":39,"column":8},"end":{"line":39,"column":38}},"15":{"start":{"line":40,"column":8},"end":{"line":40,"column":36}},"16":{"start":{"line":43,"column":4},"end":{"line":43,"column":18}}},"branchMap":{"1":{"line":29,"type":"if","locations":[{"start":{"line":29,"column":0},"end":{"line":29,"column":0}},{"start":{"line":29,"column":0},"end":{"line":29,"column":0}}]},"2":{"line":30,"type":"cond-expr","locations":[{"start":{"line":30,"column":51},"end":{"line":30,"column":64}},{"start":{"line":30,"column":67},"end":{"line":30,"column":76}}]}},"code":["////////////////////////////////////////////////////////////////////////////","//","// Copyright 2016 Realm Inc.","//","// Licensed under the Apache License, Version 2.0 (the \"License\");","// you may not use this file except in compliance with the License.","// You may obtain a copy of the License at","//","// http://www.apache.org/licenses/LICENSE-2.0","//","// Unless required by applicable law or agreed to in writing, software","// distributed under the License is distributed on an \"AS IS\" BASIS,","// WITHOUT WARRANTIES OR CONDITIONS OF ANY KIND, either express or implied.","// See the License for the specific language governing permissions and","// limitations under the License.","//","////////////////////////////////////////////////////////////////////////////","","'use strict';","","const fs = require('fs');","const path = require('path');","const exec = require('child_process').execFileSync;","","const dependencies = ini(fs.readFileSync(path.resolve(__dirname, '../dependencies.list'), 'utf8'));","console.log(`Core version: ${dependencies.REALM_CORE_VERSION}`);","console.log(`Sync version: ${dependencies.REALM_SYNC_VERSION}`);","","if ('REALM_BUILD_ANDROID' in process.env) {","    const gradlew = process.platform === 'win32' ? 'gradlew.bat' : 'gradlew';","    const androidPath = path.resolve(__dirname, '../react-native/android');","","    exec(`${androidPath}/${gradlew}`, ['publishAndroid', '-PbuildWithSync=true'], { cwd: androidPath, stdio: 'inherit' });","}","","function ini(string) {","    const result = Object.create(null);","    for (const line of string.split(/\\r?\\n/)) {","        const parts = line.split('=');","        result[parts[0]] = parts[1];","    }","","    return result;","}"],"l":{"21":1,"22":1,"23":1,"25":1,"26":1,"27":1,"29":1,"30":0,"31":0,"33":0,"36":1,"37":1,"38":1,"39":6,"40":6,"43":1}}}